<?xml version="1.0" encoding="UTF-8"?>
<testsuite xmlns:xsi="http://www.w3.org/2001/XMLSchema-instance" xsi:noNamespaceSchemaLocation="https://maven.apache.org/surefire/maven-surefire-plugin/xsd/surefire-test-report-3.0.xsd" version="3.0" name="com.dfcc.dashboard.controller.DashboardControllerTest" time="9.402" tests="6" errors="0" skipped="0" failures="0">
  <properties>
[...]
</properties>
  <testcase name="testOperatorAccessEngineStatusForbidden" classname="com.dfcc.dashboard.controller.DashboardControllerTest" time="1.533">
    <system-out><![CDATA[13:54:24.912 [main] INFO org.springframework.test.context.support.AnnotationConfigContextLoaderUtils -- Could not detect default configuration classes for test class [com.dfcc.dashboard.controller.DashboardControllerTest]: DashboardControllerTest does not declare any static, non-private, non-final, nested classes annotated with @Configuration.
13:54:25.171 [main] INFO org.springframework.boot.test.context.SpringBootTestContextBootstrapper -- Found @SpringBootConfiguration com.dfcc.dashboard.DashboardApplication for test class com.dfcc.dashboard.controller.DashboardControllerTest
  .   ____          _            __ _ _
 /\\ / ___'_ __ _ _(_)_ __  __ _ \ \ \ \
( ( )\___ | '_ | '_| | '_ \/ _` | \ \ \ \
 \\/  ___)| |_)| | | | | || (_| |  ) ) ) )
  '  |____| .__|_| |_|_| |_\__, | / / / /
 =========|_|==============|___/=/_/_/_/

 :: Spring Boot ::                (v3.3.0)

2026-06-17T13:54:26.012+05:30  INFO 16148 --- [recarding-dashboard-backend] [           main] c.d.d.c.DashboardControllerTest          : Starting DashboardControllerTest using Java 17.0.12 with PID 16148 (started by sathya_r in D:\DFCC-sathya\dashboard\backend)
2026-06-17T13:54:26.016+05:30 DEBUG 16148 --- [recarding-dashboard-backend] [           main] c.d.d.c.DashboardControllerTest          : Running with Spring Boot v3.3.0, Spring v6.1.8
2026-06-17T13:54:26.018+05:30  INFO 16148 --- [recarding-dashboard-backend] [           main] c.d.d.c.DashboardControllerTest          : The following 1 profile is active: "test"
2026-06-17T13:54:28.025+05:30 DEBUG 16148 --- [recarding-dashboard-backend] [           main] o.s.jdbc.datasource.DataSourceUtils      : Fetching JDBC Connection from DataSource
2026-06-17T13:54:28.026+05:30  INFO 16148 --- [recarding-dashboard-backend] [           main] com.zaxxer.hikari.HikariDataSource       : RecardingDashboardHikariCP - Starting...
2026-06-17T13:54:28.902+05:30  INFO 16148 --- [recarding-dashboard-backend] [           main] com.zaxxer.hikari.pool.HikariPool        : RecardingDashboardHikariCP - Added connection conn0: url=jdbc:h2:mem:ctrldb user=SA
2026-06-17T13:54:28.905+05:30  INFO 16148 --- [recarding-dashboard-backend] [           main] com.zaxxer.hikari.HikariDataSource       : RecardingDashboardHikariCP - Start completed.
2026-06-17T13:54:28.919+05:30 DEBUG 16148 --- [recarding-dashboard-backend] [           main] o.s.jdbc.datasource.init.ScriptUtils     : Executing SQL script from class path resource [db/schema.sql]
2026-06-17T13:54:28.959+05:30 DEBUG 16148 --- [recarding-dashboard-backend] [           main] o.s.jdbc.datasource.init.ScriptUtils     : 0 returned as update count for SQL: CREATE TABLE MD_ENGINE_CONFIGURATIONS ( ENGINEID VARCHAR2(20) NOT NULL, ENGINESTATUS NUMBER(1) NOT NULL, LASTEXECUTIONTIME DATE, NEXTSCHEDULEDRUNTIME DATE, CARDSPROCESSEDPERRUN NUMBER, AVGPROCESSINGTIMEPERCARD NUMBER, THREADSRUNPARALLEL NUMBER, BATCHSIZE NUMBER, PERIOD VARCHAR2(20), LASTUPDATEDTIME DATE NOT NULL, CONSTRAINT PK_MD_ENGINE_CONFIGURATIONS PRIMARY KEY (ENGINEID) )
2026-06-17T13:54:28.961+05:30 DEBUG 16148 --- [recarding-dashboard-backend] [           main] o.s.jdbc.datasource.init.ScriptUtils     : 0 returned as update count for SQL: CREATE TABLE MD_ENGINE_EXECUTION_LOG ( RUNID VARCHAR2(20) NOT NULL, STARTTIME DATE NOT NULL, ENDTIME DATE, STATUS VARCHAR2(16) NOT NULL, CARDSPROCESSED NUMBER, AVGTIMEPERCARD NUMBER, THREADCOUNT NUMBER, BATCHSIZE NUMBER, ERRORCOUNT NUMBER DEFAULT 0, ERRORMESSAGE VARCHAR2(500), CONSTRAINT PK_MD_ENGINE_EXECUTION_LOG PRIMARY KEY (RUNID) )
2026-06-17T13:54:28.964+05:30 DEBUG 16148 --- [recarding-dashboard-backend] [           main] o.s.jdbc.datasource.init.ScriptUtils     : Executed SQL script from class path resource [db/schema.sql] in 43 ms.
2026-06-17T13:54:28.977+05:30 DEBUG 16148 --- [recarding-dashboard-backend] [           main] o.s.jdbc.datasource.DataSourceUtils      : Fetching JDBC Connection from DataSource
2026-06-17T13:54:28.977+05:30 DEBUG 16148 --- [recarding-dashboard-backend] [           main] o.s.jdbc.datasource.init.ScriptUtils     : Executing SQL script from class path resource [db/data.sql]
2026-06-17T13:54:29.002+05:30 DEBUG 16148 --- [recarding-dashboard-backend] [           main] o.s.jdbc.datasource.init.ScriptUtils     : 1 returned as update count for SQL: INSERT INTO MD_ENGINE_CONFIGURATIONS (ENGINEID, ENGINESTATUS, LASTEXECUTIONTIME, NEXTSCHEDULEDRUNTIME, CARDSPROCESSEDPERRUN, AVGPROCESSINGTIMEPERCARD, THREADSRUNPARALLEL, BATCHSIZE, PERIOD, LASTUPDATEDTIME) VALUES ('MSE-01', 1, TO_DATE('2026-06-16 10:30:00', 'YYYY-MM-DD HH24:MI:SS'), TO_DATE('2026-06-16 10:45:00', 'YYYY-MM-DD HH24:MI:SS'), 500, 0.85, 10, 500, '10:30-10:45', TO_DATE('2026-06-16 10:30:00', 'YYYY-MM-DD HH24:MI:SS'))
2026-06-17T13:54:29.004+05:30 DEBUG 16148 --- [recarding-dashboard-backend] [           main] o.s.jdbc.datasource.init.ScriptUtils     : 1 returned as update count for SQL: INSERT INTO MD_ENGINE_CONFIGURATIONS (ENGINEID, ENGINESTATUS, LASTEXECUTIONTIME, NEXTSCHEDULEDRUNTIME, CARDSPROCESSEDPERRUN, AVGPROCESSINGTIMEPERCARD, THREADSRUNPARALLEL, BATCHSIZE, PERIOD, LASTUPDATEDTIME) VALUES ('MSE-02', 0, TO_DATE('2026-06-16 10:00:00', 'YYYY-MM-DD HH24:MI:SS'), TO_DATE('2026-06-16 11:00:00', 'YYYY-MM-DD HH24:MI:SS'), 250, 1.12, 4, 250, '10:00-10:15', TO_DATE('2026-06-16 10:00:00', 'YYYY-MM-DD HH24:MI:SS'))
2026-06-17T13:54:29.005+05:30 DEBUG 16148 --- [recarding-dashboard-backend] [           main] o.s.jdbc.datasource.init.ScriptUtils     : 1 returned as update count for SQL: INSERT INTO MD_ENGINE_EXECUTION_LOG (RUNID, STARTTIME, ENDTIME, STATUS, CARDSPROCESSED, AVGTIMEPERCARD, THREADCOUNT, BATCHSIZE, ERRORCOUNT, ERRORMESSAGE) VALUES ('RUN-20260616-01', TO_DATE('2026-06-16 10:30:00', 'YYYY-MM-DD HH24:MI:SS'), TO_DATE('2026-06-16 10:31:30', 'YYYY-MM-DD HH24:MI:SS'), 'SUCCESS', 500, 0.85, 10, 500, 0, NULL)
2026-06-17T13:54:29.006+05:30 DEBUG 16148 --- [recarding-dashboard-backend] [           main] o.s.jdbc.datasource.init.ScriptUtils     : 1 returned as update count for SQL: INSERT INTO MD_ENGINE_EXECUTION_LOG (RUNID, STARTTIME, ENDTIME, STATUS, CARDSPROCESSED, AVGTIMEPERCARD, THREADCOUNT, BATCHSIZE, ERRORCOUNT, ERRORMESSAGE) VALUES ('RUN-20260616-02', TO_DATE('2026-06-16 10:15:00', 'YYYY-MM-DD HH24:MI:SS'), TO_DATE('2026-06-16 10:16:40', 'YYYY-MM-DD HH24:MI:SS'), 'SUCCESS', 480, 0.82, 10, 500, 0, NULL)
2026-06-17T13:54:29.007+05:30 DEBUG 16148 --- [recarding-dashboard-backend] [           main] o.s.jdbc.datasource.init.ScriptUtils     : 1 returned as update count for SQL: INSERT INTO MD_ENGINE_EXECUTION_LOG (RUNID, STARTTIME, ENDTIME, STATUS, CARDSPROCESSED, AVGTIMEPERCARD, THREADCOUNT, BATCHSIZE, ERRORCOUNT, ERRORMESSAGE) VALUES ('RUN-20260616-03', TO_DATE('2026-06-16 10:00:00', 'YYYY-MM-DD HH24:MI:SS'), TO_DATE('2026-06-16 10:02:10', 'YYYY-MM-DD HH24:MI:SS'), 'FAILED', 250, 1.12, 4, 250, 12, 'Oracle connection pool exhausted during processing')
2026-06-17T13:54:29.009+05:30 DEBUG 16148 --- [recarding-dashboard-backend] [           main] o.s.jdbc.datasource.init.ScriptUtils     : 1 returned as update count for SQL: INSERT INTO MD_ENGINE_EXECUTION_LOG (RUNID, STARTTIME, ENDTIME, STATUS, CARDSPROCESSED, AVGTIMEPERCARD, THREADCOUNT, BATCHSIZE, ERRORCOUNT, ERRORMESSAGE) VALUES ('RUN-20260616-04', TO_DATE('2026-06-16 09:45:00', 'YYYY-MM-DD HH24:MI:SS'), TO_DATE('2026-06-16 09:46:20', 'YYYY-MM-DD HH24:MI:SS'), 'SUCCESS', 500, 0.88, 10, 500, 0, NULL)
2026-06-17T13:54:29.010+05:30 DEBUG 16148 --- [recarding-dashboard-backend] [           main] o.s.jdbc.datasource.init.ScriptUtils     : 1 returned as update count for SQL: INSERT INTO MD_ENGINE_EXECUTION_LOG (RUNID, STARTTIME, ENDTIME, STATUS, CARDSPROCESSED, AVGTIMEPERCARD, THREADCOUNT, BATCHSIZE, ERRORCOUNT, ERRORMESSAGE) VALUES ('RUN-20260616-05', TO_DATE('2026-06-16 09:30:00', 'YYYY-MM-DD HH24:MI:SS'), TO_DATE('2026-06-16 09:31:15', 'YYYY-MM-DD HH24:MI:SS'), 'SUCCESS', 450, 0.90, 8, 500, 0, NULL)
2026-06-17T13:54:29.012+05:30 DEBUG 16148 --- [recarding-dashboard-backend] [           main] o.s.jdbc.datasource.init.ScriptUtils     : 1 returned as update count for SQL: INSERT INTO MD_ENGINE_EXECUTION_LOG (RUNID, STARTTIME, ENDTIME, STATUS, CARDSPROCESSED, AVGTIMEPERCARD, THREADCOUNT, BATCHSIZE, ERRORCOUNT, ERRORMESSAGE) VALUES ('RUN-20260616-06', TO_DATE('2026-06-16 09:15:00', 'YYYY-MM-DD HH24:MI:SS'), TO_DATE('2026-06-16 09:16:30', 'YYYY-MM-DD HH24:MI:SS'), 'SUCCESS', 500, 0.84, 10, 500, 0, NULL)
2026-06-17T13:54:29.052+05:30 DEBUG 16148 --- [recarding-dashboard-backend] [           main] o.s.jdbc.datasource.init.ScriptUtils     : 1 returned as update count for SQL: INSERT INTO MD_ENGINE_EXECUTION_LOG (RUNID, STARTTIME, ENDTIME, STATUS, CARDSPROCESSED, AVGTIMEPERCARD, THREADCOUNT, BATCHSIZE, ERRORCOUNT, ERRORMESSAGE) VALUES ('RUN-20260616-07', TO_DATE('2026-06-16 09:00:00', 'YYYY-MM-DD HH24:MI:SS'), TO_DATE('2026-06-16 09:01:25', 'YYYY-MM-DD HH24:MI:SS'), 'SUCCESS', 490, 0.87, 10, 500, 0, NULL)
2026-06-17T13:54:29.059+05:30 DEBUG 16148 --- [recarding-dashboard-backend] [           main] o.s.jdbc.datasource.init.ScriptUtils     : 1 returned as update count for SQL: INSERT INTO MD_ENGINE_EXECUTION_LOG (RUNID, STARTTIME, ENDTIME, STATUS, CARDSPROCESSED, AVGTIMEPERCARD, THREADCOUNT, BATCHSIZE, ERRORCOUNT, ERRORMESSAGE) VALUES ('RUN-20260616-08', TO_DATE('2026-06-16 08:45:00', 'YYYY-MM-DD HH24:MI:SS'), TO_DATE('2026-06-16 08:46:18', 'YYYY-MM-DD HH24:MI:SS'), 'SUCCESS', 500, 0.83, 10, 500, 0, NULL)
2026-06-17T13:54:29.061+05:30 DEBUG 16148 --- [recarding-dashboard-backend] [           main] o.s.jdbc.datasource.init.ScriptUtils     : 1 returned as update count for SQL: INSERT INTO MD_ENGINE_EXECUTION_LOG (RUNID, STARTTIME, ENDTIME, STATUS, CARDSPROCESSED, AVGTIMEPERCARD, THREADCOUNT, BATCHSIZE, ERRORCOUNT, ERRORMESSAGE) VALUES ('RUN-20260616-09', TO_DATE('2026-06-16 08:30:00', 'YYYY-MM-DD HH24:MI:SS'), TO_DATE('2026-06-16 08:31:10', 'YYYY-MM-DD HH24:MI:SS'), 'SUCCESS', 400, 0.92, 8, 500, 0, NULL)
2026-06-17T13:54:29.062+05:30 DEBUG 16148 --- [recarding-dashboard-backend] [           main] o.s.jdbc.datasource.init.ScriptUtils     : 1 returned as update count for SQL: INSERT INTO MD_ENGINE_EXECUTION_LOG (RUNID, STARTTIME, ENDTIME, STATUS, CARDSPROCESSED, AVGTIMEPERCARD, THREADCOUNT, BATCHSIZE, ERRORCOUNT, ERRORMESSAGE) VALUES ('RUN-20260616-10', TO_DATE('2026-06-16 08:15:00', 'YYYY-MM-DD HH24:MI:SS'), TO_DATE('2026-06-16 08:16:30', 'YYYY-MM-DD HH24:MI:SS'), 'SUCCESS', 500, 0.86, 10, 500, 0, NULL)
2026-06-17T13:54:29.063+05:30 DEBUG 16148 --- [recarding-dashboard-backend] [           main] o.s.jdbc.datasource.init.ScriptUtils     : 1 returned as update count for SQL: INSERT INTO MD_ENGINE_EXECUTION_LOG (RUNID, STARTTIME, ENDTIME, STATUS, CARDSPROCESSED, AVGTIMEPERCARD, THREADCOUNT, BATCHSIZE, ERRORCOUNT, ERRORMESSAGE) VALUES ('RUN-20260616-11', TO_DATE('2026-06-16 08:00:00', 'YYYY-MM-DD HH24:MI:SS'), TO_DATE('2026-06-16 08:01:22', 'YYYY-MM-DD HH24:MI:SS'), 'SUCCESS', 485, 0.88, 10, 500, 0, NULL)
2026-06-17T13:54:29.064+05:30 DEBUG 16148 --- [recarding-dashboard-backend] [           main] o.s.jdbc.datasource.init.ScriptUtils     : 1 returned as update count for SQL: INSERT INTO MD_ENGINE_EXECUTION_LOG (RUNID, STARTTIME, ENDTIME, STATUS, CARDSPROCESSED, AVGTIMEPERCARD, THREADCOUNT, BATCHSIZE, ERRORCOUNT, ERRORMESSAGE) VALUES ('RUN-20260616-12', TO_DATE('2026-06-16 07:45:00', 'YYYY-MM-DD HH24:MI:SS'), TO_DATE('2026-06-16 07:46:15', 'YYYY-MM-DD HH24:MI:SS'), 'SUCCESS', 500, 0.85, 10, 500, 0, NULL)
2026-06-17T13:54:29.066+05:30 DEBUG 16148 --- [recarding-dashboard-backend] [           main] o.s.jdbc.datasource.init.ScriptUtils     : 1 returned as update count for SQL: INSERT INTO MD_ENGINE_EXECUTION_LOG (RUNID, STARTTIME, ENDTIME, STATUS, CARDSPROCESSED, AVGTIMEPERCARD, THREADCOUNT, BATCHSIZE, ERRORCOUNT, ERRORMESSAGE) VALUES ('RUN-20260616-13', TO_DATE('2026-06-16 07:30:00', 'YYYY-MM-DD HH24:MI:SS'), TO_DATE('2026-06-16 07:31:10', 'YYYY-MM-DD HH24:MI:SS'), 'SUCCESS', 420, 0.91, 8, 500, 0, NULL)
2026-06-17T13:54:29.068+05:30 DEBUG 16148 --- [recarding-dashboard-backend] [           main] o.s.jdbc.datasource.init.ScriptUtils     : 1 returned as update count for SQL: INSERT INTO MD_ENGINE_EXECUTION_LOG (RUNID, STARTTIME, ENDTIME, STATUS, CARDSPROCESSED, AVGTIMEPERCARD, THREADCOUNT, BATCHSIZE, ERRORCOUNT, ERRORMESSAGE) VALUES ('RUN-20260616-14', TO_DATE('2026-06-16 07:15:00', 'YYYY-MM-DD HH24:MI:SS'), TO_DATE('2026-06-16 07:16:32', 'YYYY-MM-DD HH24:MI:SS'), 'SUCCESS', 500, 0.85, 10, 500, 0, NULL)
2026-06-17T13:54:29.069+05:30 DEBUG 16148 --- [recarding-dashboard-backend] [           main] o.s.jdbc.datasource.init.ScriptUtils     : 1 returned as update count for SQL: INSERT INTO MD_ENGINE_EXECUTION_LOG (RUNID, STARTTIME, ENDTIME, STATUS, CARDSPROCESSED, AVGTIMEPERCARD, THREADCOUNT, BATCHSIZE, ERRORCOUNT, ERRORMESSAGE) VALUES ('RUN-20260616-15', TO_DATE('2026-06-16 07:00:00', 'YYYY-MM-DD HH24:MI:SS'), TO_DATE('2026-06-16 07:01:25', 'YYYY-MM-DD HH24:MI:SS'), 'SUCCESS', 495, 0.89, 10, 500, 0, NULL)
2026-06-17T13:54:29.070+05:30 DEBUG 16148 --- [recarding-dashboard-backend] [           main] o.s.jdbc.datasource.init.ScriptUtils     : 1 returned as update count for SQL: INSERT INTO MD_ENGINE_EXECUTION_LOG (RUNID, STARTTIME, ENDTIME, STATUS, CARDSPROCESSED, AVGTIMEPERCARD, THREADCOUNT, BATCHSIZE, ERRORCOUNT, ERRORMESSAGE) VALUES ('RUN-20260616-16', TO_DATE('2026-06-16 06:45:00', 'YYYY-MM-DD HH24:MI:SS'), TO_DATE('2026-06-16 06:46:18', 'YYYY-MM-DD HH24:MI:SS'), 'SUCCESS', 500, 0.84, 10, 500, 0, NULL)
2026-06-17T13:54:29.071+05:30 DEBUG 16148 --- [recarding-dashboard-backend] [           main] o.s.jdbc.datasource.init.ScriptUtils     : 1 returned as update count for SQL: INSERT INTO MD_ENGINE_EXECUTION_LOG (RUNID, STARTTIME, ENDTIME, STATUS, CARDSPROCESSED, AVGTIMEPERCARD, THREADCOUNT, BATCHSIZE, ERRORCOUNT, ERRORMESSAGE) VALUES ('RUN-20260616-17', TO_DATE('2026-06-16 06:30:00', 'YYYY-MM-DD HH24:MI:SS'), TO_DATE('2026-06-16 06:31:10', 'YYYY-MM-DD HH24:MI:SS'), 'SUCCESS', 390, 0.94, 8, 500, 0, NULL)
2026-06-17T13:54:29.072+05:30 DEBUG 16148 --- [recarding-dashboard-backend] [           main] o.s.jdbc.datasource.init.ScriptUtils     : 1 returned as update count for SQL: INSERT INTO MD_ENGINE_EXECUTION_LOG (RUNID, STARTTIME, ENDTIME, STATUS, CARDSPROCESSED, AVGTIMEPERCARD, THREADCOUNT, BATCHSIZE, ERRORCOUNT, ERRORMESSAGE) VALUES ('RUN-20260616-18', TO_DATE('2026-06-16 06:15:00', 'YYYY-MM-DD HH24:MI:SS'), TO_DATE('2026-06-16 06:16:30', 'YYYY-MM-DD HH24:MI:SS'), 'SUCCESS', 500, 0.85, 10, 500, 0, NULL)
2026-06-17T13:54:29.073+05:30 DEBUG 16148 --- [recarding-dashboard-backend] [           main] o.s.jdbc.datasource.init.ScriptUtils     : 1 returned as update count for SQL: INSERT INTO MD_ENGINE_EXECUTION_LOG (RUNID, STARTTIME, ENDTIME, STATUS, CARDSPROCESSED, AVGTIMEPERCARD, THREADCOUNT, BATCHSIZE, ERRORCOUNT, ERRORMESSAGE) VALUES ('RUN-20260616-19', TO_DATE('2026-06-16 06:00:00', 'YYYY-MM-DD HH24:MI:SS'), TO_DATE('2026-06-16 06:01:20', 'YYYY-MM-DD HH24:MI:SS'), 'SUCCESS', 480, 0.90, 10, 500, 0, NULL)
2026-06-17T13:54:29.074+05:30 DEBUG 16148 --- [recarding-dashboard-backend] [           main] o.s.jdbc.datasource.init.ScriptUtils     : 1 returned as update count for SQL: INSERT INTO MD_ENGINE_EXECUTION_LOG (RUNID, STARTTIME, ENDTIME, STATUS, CARDSPROCESSED, AVGTIMEPERCARD, THREADCOUNT, BATCHSIZE, ERRORCOUNT, ERRORMESSAGE) VALUES ('RUN-20260616-20', TO_DATE('2026-06-16 05:45:00', 'YYYY-MM-DD HH24:MI:SS'), TO_DATE('2026-06-16 05:46:15', 'YYYY-MM-DD HH24:MI:SS'), 'SUCCESS', 500, 0.83, 10, 500, 0, NULL)
2026-06-17T13:54:29.081+05:30 DEBUG 16148 --- [recarding-dashboard-backend] [           main] o.s.jdbc.datasource.init.ScriptUtils     : 1 returned as update count for SQL: INSERT INTO MD_ENGINE_EXECUTION_LOG (RUNID, STARTTIME, ENDTIME, STATUS, CARDSPROCESSED, AVGTIMEPERCARD, THREADCOUNT, BATCHSIZE, ERRORCOUNT, ERRORMESSAGE) VALUES ('RUN-20260616-21', TO_DATE('2026-06-16 05:30:00', 'YYYY-MM-DD HH24:MI:SS'), TO_DATE('2026-06-16 05:31:12', 'YYYY-MM-DD HH24:MI:SS'), 'SUCCESS', 410, 0.93, 8, 500, 0, NULL)
2026-06-17T13:54:29.083+05:30 DEBUG 16148 --- [recarding-dashboard-backend] [           main] o.s.jdbc.datasource.init.ScriptUtils     : 1 returned as update count for SQL: INSERT INTO MD_ENGINE_EXECUTION_LOG (RUNID, STARTTIME, ENDTIME, STATUS, CARDSPROCESSED, AVGTIMEPERCARD, THREADCOUNT, BATCHSIZE, ERRORCOUNT, ERRORMESSAGE) VALUES ('RUN-20260616-22', TO_DATE('2026-06-16 05:15:00', 'YYYY-MM-DD HH24:MI:SS'), TO_DATE('2026-06-16 05:16:30', 'YYYY-MM-DD HH24:MI:SS'), 'SUCCESS', 500, 0.86, 10, 500, 0, NULL)
2026-06-17T13:54:29.083+05:30 DEBUG 16148 --- [recarding-dashboard-backend] [           main] o.s.jdbc.datasource.init.ScriptUtils     : Executed SQL script from class path resource [db/data.sql] in 106 ms.
2026-06-17T13:54:30.321+05:30  INFO 16148 --- [recarding-dashboard-backend] [           main] r$InitializeUserDetailsManagerConfigurer : Global AuthenticationManager configured with UserDetailsService bean with name userDetailsService
2026-06-17T13:54:30.896+05:30  INFO 16148 --- [recarding-dashboard-backend] [           main] o.s.s.web.DefaultSecurityFilterChain     : Will secure any request with [org.springframework.security.web.session.DisableEncodeUrlFilter@5980fa73, org.springframework.security.web.context.request.async.WebAsyncManagerIntegrationFilter@13ca16bf, org.springframework.security.web.context.SecurityContextHolderFilter@71369e1a, org.springframework.security.web.header.HeaderWriterFilter@270d5060, org.springframework.web.filter.CorsFilter@5be4be74, org.springframework.security.web.authentication.logout.LogoutFilter@2f4d01b6, org.springframework.security.web.authentication.UsernamePasswordAuthenticationFilter@621624b1, org.springframework.security.web.savedrequest.RequestCacheAwareFilter@ee96866, org.springframework.security.web.servletapi.SecurityContextHolderAwareRequestFilter@987a0bb, org.springframework.security.web.authentication.AnonymousAuthenticationFilter@44641d6c, org.springframework.security.web.access.ExceptionTranslationFilter@3962ec84, org.springframework.security.web.access.intercept.AuthorizationFilter@38de5daf]
2026-06-17T13:54:31.549+05:30  INFO 16148 --- [recarding-dashboard-backend] [           main] o.s.b.t.m.w.SpringBootMockServletContext : Initializing Spring TestDispatcherServlet ''
2026-06-17T13:54:31.550+05:30  INFO 16148 --- [recarding-dashboard-backend] [           main] o.s.t.web.servlet.TestDispatcherServlet  : Initializing Servlet ''
2026-06-17T13:54:31.552+05:30  INFO 16148 --- [recarding-dashboard-backend] [           main] o.s.t.web.servlet.TestDispatcherServlet  : Completed initialization in 2 ms
2026-06-17T13:54:31.600+05:30  INFO 16148 --- [recarding-dashboard-backend] [           main] c.d.d.c.DashboardControllerTest          : Started DashboardControllerTest in 6.138 seconds (process running for 8.132)
]]></system-out>
  </testcase>
  <testcase name="testAdminAccessEngineStatusAllowed" classname="com.dfcc.dashboard.controller.DashboardControllerTest" time="0.225">
    <system-out><![CDATA[2026-06-17T13:54:33.258+05:30 DEBUG 16148 --- [recarding-dashboard-backend] [           main] o.s.jdbc.core.JdbcTemplate               : Executing prepared SQL query
2026-06-17T13:54:33.259+05:30 DEBUG 16148 --- [recarding-dashboard-backend] [           main] o.s.jdbc.core.JdbcTemplate               : Executing prepared SQL statement [SELECT ENGINEID, ENGINESTATUS, LASTEXECUTIONTIME, NEXTSCHEDULEDRUNTIME, CARDSPROCESSEDPERRUN, AVGPROCESSINGTIMEPERCARD, THREADSRUNPARALLEL, BATCHSIZE, PERIOD FROM MD_ENGINE_CONFIGURATIONS ORDER BY ENGINEID]
2026-06-17T13:54:33.259+05:30 DEBUG 16148 --- [recarding-dashboard-backend] [           main] o.s.jdbc.datasource.DataSourceUtils      : Fetching JDBC Connection from DataSource
]]></system-out>
  </testcase>
  <testcase name="testValidLogin" classname="com.dfcc.dashboard.controller.DashboardControllerTest" time="0.506"/>
  <testcase name="testOperatorAccessMe" classname="com.dfcc.dashboard.controller.DashboardControllerTest" time="0.021"/>
  <testcase name="testInvalidLogin" classname="com.dfcc.dashboard.controller.DashboardControllerTest" time="0.103"/>
  <testcase name="testUnauthorizedAccess" classname="com.dfcc.dashboard.controller.DashboardControllerTest" time="0.011"/>
</testsuite>