<?xml version="1.0" encoding="UTF-8"?>
<testsuite xmlns:xsi="http://www.w3.org/2001/XMLSchema-instance" xsi:noNamespaceSchemaLocation="https://maven.apache.org/surefire/maven-surefire-plugin/xsd/surefire-test-report-3.0.xsd" version="3.0" name="com.dfcc.dashboard.repository.DashboardRepositoryTest" time="2.012" tests="16" errors="0" skipped="0" failures="0">
  <properties>
[...]
</properties>
  <testcase name="testGetMigrationFlags_WithDateRangeFilter" classname="com.dfcc.dashboard.repository.DashboardRepositoryTest" time="0.078">
    <system-out><![CDATA[2026-06-17T13:54:34.078+05:30  INFO 16148 --- [recarding-dashboard-backend] [           main] t.c.s.AnnotationConfigContextLoaderUtils : Could not detect default configuration classes for test class [com.dfcc.dashboard.repository.DashboardRepositoryTest]: DashboardRepositoryTest does not declare any static, non-private, non-final, nested classes annotated with @Configuration.
2026-06-17T13:54:34.155+05:30  INFO 16148 --- [recarding-dashboard-backend] [           main] .b.t.c.SpringBootTestContextBootstrapper : Found @SpringBootConfiguration com.dfcc.dashboard.DashboardApplication for test class com.dfcc.dashboard.repository.DashboardRepositoryTest
  .   ____          _            __ _ _
 /\\ / ___'_ __ _ _(_)_ __  __ _ \ \ \ \
( ( )\___ | '_ | '_| | '_ \/ _` | \ \ \ \
 \\/  ___)| |_)| | | | | || (_| |  ) ) ) )
  '  |____| .__|_| |_|_| |_\__, | / / / /
 =========|_|==============|___/=/_/_/_/

 :: Spring Boot ::                (v3.3.0)

2026-06-17T13:54:34.270+05:30  INFO 16148 --- [recarding-dashboard-backend] [           main] c.d.d.r.DashboardRepositoryTest          : Starting DashboardRepositoryTest using Java 17.0.12 with PID 16148 (started by sathya_r in D:\DFCC-sathya\dashboard\backend)
2026-06-17T13:54:34.271+05:30 DEBUG 16148 --- [recarding-dashboard-backend] [           main] c.d.d.r.DashboardRepositoryTest          : Running with Spring Boot v3.3.0, Spring v6.1.8
2026-06-17T13:54:34.271+05:30  INFO 16148 --- [recarding-dashboard-backend] [           main] c.d.d.r.DashboardRepositoryTest          : The following 1 profile is active: "test"
2026-06-17T13:54:35.069+05:30  INFO 16148 --- [recarding-dashboard-backend] [           main] r$InitializeUserDetailsManagerConfigurer : Global AuthenticationManager configured with UserDetailsService bean with name userDetailsService
2026-06-17T13:54:35.279+05:30  INFO 16148 --- [recarding-dashboard-backend] [           main] o.s.s.web.DefaultSecurityFilterChain     : Will secure any request with [org.springframework.security.web.session.DisableEncodeUrlFilter@10508ba6, org.springframework.security.web.context.request.async.WebAsyncManagerIntegrationFilter@da11873, org.springframework.security.web.context.SecurityContextHolderFilter@510a2c7, org.springframework.security.web.header.HeaderWriterFilter@7d563c13, org.springframework.web.filter.CorsFilter@39159b14, org.springframework.security.web.authentication.logout.LogoutFilter@52dd1be2, org.springframework.security.web.authentication.UsernamePasswordAuthenticationFilter@2ae88712, org.springframework.security.web.savedrequest.RequestCacheAwareFilter@14fe085b, org.springframework.security.web.servletapi.SecurityContextHolderAwareRequestFilter@1ea19c97, org.springframework.security.web.authentication.AnonymousAuthenticationFilter@57ab4b33, org.springframework.security.web.access.ExceptionTranslationFilter@64cdc310, org.springframework.security.web.access.intercept.AuthorizationFilter@24520a51]
2026-06-17T13:54:35.483+05:30  INFO 16148 --- [recarding-dashboard-backend] [           main] c.d.d.r.DashboardRepositoryTest          : Started DashboardRepositoryTest in 1.313 seconds (process running for 12.016)
2026-06-17T13:54:35.491+05:30 DEBUG 16148 --- [recarding-dashboard-backend] [           main] o.s.jdbc.support.JdbcTransactionManager  : Creating new transaction with name [com.dfcc.dashboard.repository.DashboardRepositoryTest]: PROPAGATION_REQUIRED,ISOLATION_DEFAULT
2026-06-17T13:54:35.495+05:30  INFO 16148 --- [recarding-dashboard-backend] [           main] com.zaxxer.hikari.HikariDataSource       : RecardingDashboardHikariCP - Starting...
2026-06-17T13:54:35.498+05:30  INFO 16148 --- [recarding-dashboard-backend] [           main] com.zaxxer.hikari.pool.HikariPool        : RecardingDashboardHikariCP - Added connection conn5: url=jdbc:h2:mem:testdb user=SA
2026-06-17T13:54:35.499+05:30  INFO 16148 --- [recarding-dashboard-backend] [           main] com.zaxxer.hikari.HikariDataSource       : RecardingDashboardHikariCP - Start completed.
2026-06-17T13:54:35.503+05:30 DEBUG 16148 --- [recarding-dashboard-backend] [           main] o.s.jdbc.support.JdbcTransactionManager  : Acquired Connection [HikariProxyConnection@1406226484 wrapping conn5: url=jdbc:h2:mem:testdb user=SA] for JDBC transaction
2026-06-17T13:54:35.505+05:30 DEBUG 16148 --- [recarding-dashboard-backend] [           main] o.s.jdbc.support.JdbcTransactionManager  : Switching JDBC Connection [HikariProxyConnection@1406226484 wrapping conn5: url=jdbc:h2:mem:testdb user=SA] to manual commit
2026-06-17T13:54:35.506+05:30 DEBUG 16148 --- [recarding-dashboard-backend] [           main] o.s.jdbc.datasource.init.ScriptUtils     : Executing SQL script from class path resource [db/test-schema.sql]
2026-06-17T13:54:35.510+05:30 DEBUG 16148 --- [recarding-dashboard-backend] [           main] o.s.jdbc.datasource.init.ScriptUtils     : 0 returned as update count for SQL: CREATE TABLE IF NOT EXISTS CARD ( CARDNUMBER VARCHAR2(20) NOT NULL, MAINCARDNO VARCHAR2(20), CARDTYPE VARCHAR2(20), CARDPRODUCT VARCHAR2(20), CARDSTATUS VARCHAR2(20), MGRFLAG NUMBER NOT NULL, LASTUPDATEDTIME TIMESTAMP NOT NULL, CREATEDTIME TIMESTAMP NOT NULL, APPLICATIONID VARCHAR2(12), CONSTRAINT PK_CARD PRIMARY KEY (CARDNUMBER) )
2026-06-17T13:54:35.515+05:30 DEBUG 16148 --- [recarding-dashboard-backend] [           main] o.s.jdbc.datasource.init.ScriptUtils     : 0 returned as update count for SQL: CREATE TABLE IF NOT EXISTS RECARDREQUEST ( REQUESTID VARCHAR2(38) NOT NULL, PRIORITYLEVEL VARCHAR2(20), REASON VARCHAR2(255), REMARKS VARCHAR2(276), STATUS VARCHAR2(16), REQUESTEDUSER VARCHAR2(32), APPROVEDUSER VARCHAR2(32), LASTUPDATEDUSER VARCHAR2(20) NOT NULL, CREATEDTIME TIMESTAMP, LASTUPDATEDTIME TIMESTAMP NOT NULL, REJECTREMARK VARCHAR2(255), ISMIGRATED VARCHAR2(20), RENEWCONFIRMATION VARCHAR2(3), REQUESTREASONCODE VARCHAR2(6), CALLLOGID VARCHAR2(12), MAINCARDNUMBER VARCHAR2(20), REQUESTEDCARD VARCHAR2(20), ASSOCIATEDCARD VARCHAR2(20), CUSTOMERID VARCHAR2(20), ACCOUNTNUMBER VARCHAR2(15), APPLICATIONID VARCHAR2(15), CARDCATEGORY VARCHAR2(10), ISPRIMARY VARCHAR2(10) NOT NULL, BULKID VARCHAR2(60), ASSIGNUSER VARCHAR2(32), CONSTRAINT PK_RECARDREQUEST PRIMARY KEY (REQUESTID) )
2026-06-17T13:54:35.529+05:30 DEBUG 16148 --- [recarding-dashboard-backend] [           main] o.s.jdbc.datasource.init.ScriptUtils     : 0 returned as update count for SQL: CREATE TABLE IF NOT EXISTS MD_ENGINE_CONFIGURATIONS ( ENGINEID VARCHAR2(20) NOT NULL, ENGINESTATUS NUMBER(1) NOT NULL, LASTEXECUTIONTIME TIMESTAMP, NEXTSCHEDULEDRUNTIME TIMESTAMP, CARDSPROCESSEDPERRUN NUMBER, AVGPROCESSINGTIMEPERCARD NUMBER, THREADSRUNPARALLEL NUMBER, BATCHSIZE NUMBER, PERIOD VARCHAR2(20), LASTUPDATEDTIME TIMESTAMP NOT NULL, CONSTRAINT PK_MD_ENGINE_CONFIGURATIONS PRIMARY KEY (ENGINEID) )
2026-06-17T13:54:35.530+05:30 DEBUG 16148 --- [recarding-dashboard-backend] [           main] o.s.jdbc.datasource.init.ScriptUtils     : 0 returned as update count for SQL: CREATE TABLE IF NOT EXISTS MD_ENGINE_EXECUTION_LOG ( RUNID VARCHAR2(20) NOT NULL, STARTTIME TIMESTAMP NOT NULL, ENDTIME TIMESTAMP, STATUS VARCHAR2(16) NOT NULL, CARDSPROCESSED NUMBER, AVGTIMEPERCARD NUMBER, THREADCOUNT NUMBER, BATCHSIZE NUMBER, ERRORCOUNT NUMBER DEFAULT 0, ERRORMESSAGE VARCHAR2(500), CONSTRAINT PK_MD_ENGINE_EXECUTION_LOG PRIMARY KEY (RUNID) )
2026-06-17T13:54:35.530+05:30 DEBUG 16148 --- [recarding-dashboard-backend] [           main] o.s.jdbc.datasource.init.ScriptUtils     : Executed SQL script from class path resource [db/test-schema.sql] in 24 ms.
2026-06-17T13:54:35.530+05:30 DEBUG 16148 --- [recarding-dashboard-backend] [           main] o.s.jdbc.datasource.init.ScriptUtils     : Executing SQL script from class path resource [db/test-data.sql]
2026-06-17T13:54:35.541+05:30 DEBUG 16148 --- [recarding-dashboard-backend] [           main] o.s.jdbc.datasource.init.ScriptUtils     : 1 returned as update count for SQL: INSERT INTO CARD (CARDNUMBER, MAINCARDNO, CARDTYPE, CARDPRODUCT, CARDSTATUS, MGRFLAG, LASTUPDATEDTIME, CREATEDTIME, APPLICATIONID) VALUES ('411111XXXXXX1001', NULL, 'PRIMARY', 'Visa Gold', 'CACT', 0, TIMESTAMP '2026-06-10 09:00:00', TIMESTAMP '2025-01-15 10:00:00', 'APP000000001')
2026-06-17T13:54:35.542+05:30 DEBUG 16148 --- [recarding-dashboard-backend] [           main] o.s.jdbc.datasource.init.ScriptUtils     : 1 returned as update count for SQL: INSERT INTO CARD (CARDNUMBER, MAINCARDNO, CARDTYPE, CARDPRODUCT, CARDSTATUS, MGRFLAG, LASTUPDATEDTIME, CREATEDTIME, APPLICATIONID) VALUES ('411111XXXXXX1002', NULL, 'PRIMARY', 'Visa Platinum', 'CACT', 0, TIMESTAMP '2026-06-11 09:00:00', TIMESTAMP '2025-02-15 10:00:00', 'APP000000002')
2026-06-17T13:54:35.542+05:30 DEBUG 16148 --- [recarding-dashboard-backend] [           main] o.s.jdbc.datasource.init.ScriptUtils     : 1 returned as update count for SQL: INSERT INTO CARD (CARDNUMBER, MAINCARDNO, CARDTYPE, CARDPRODUCT, CARDSTATUS, MGRFLAG, LASTUPDATEDTIME, CREATEDTIME, APPLICATIONID) VALUES ('411111XXXXXX1003', NULL, 'PRIMARY', 'Mastercard Gold', 'CACT', 1, TIMESTAMP '2026-06-12 10:00:00', TIMESTAMP '2025-03-20 11:30:00', 'APP000000003')
2026-06-17T13:54:35.543+05:30 DEBUG 16148 --- [recarding-dashboard-backend] [           main] o.s.jdbc.datasource.init.ScriptUtils     : 1 returned as update count for SQL: INSERT INTO CARD (CARDNUMBER, MAINCARDNO, CARDTYPE, CARDPRODUCT, CARDSTATUS, MGRFLAG, LASTUPDATEDTIME, CREATEDTIME, APPLICATIONID) VALUES ('411111XXXXXX1005', NULL, 'PRIMARY', 'Visa Gold', 'CACT', 2, TIMESTAMP '2026-06-15 14:00:00', TIMESTAMP '2025-05-12 09:00:00', 'APP000000005')
2026-06-17T13:54:35.543+05:30 DEBUG 16148 --- [recarding-dashboard-backend] [           main] o.s.jdbc.datasource.init.ScriptUtils     : 1 returned as update count for SQL: INSERT INTO CARD (CARDNUMBER, MAINCARDNO, CARDTYPE, CARDPRODUCT, CARDSTATUS, MGRFLAG, LASTUPDATEDTIME, CREATEDTIME, APPLICATIONID) VALUES ('411111XXXXXX1008', NULL, 'PRIMARY', 'Mastercard Platinum', 'CACT', 3, TIMESTAMP '2026-06-16 11:00:00', TIMESTAMP '2025-08-14 16:00:00', 'APP000000008')
2026-06-17T13:54:35.544+05:30 DEBUG 16148 --- [recarding-dashboard-backend] [           main] o.s.jdbc.datasource.init.ScriptUtils     : 1 returned as update count for SQL: INSERT INTO CARD (CARDNUMBER, MAINCARDNO, CARDTYPE, CARDPRODUCT, CARDSTATUS, MGRFLAG, LASTUPDATEDTIME, CREATEDTIME, APPLICATIONID) VALUES ('411111XXXXXX1011', NULL, 'PRIMARY', 'Mastercard Gold', 'CACT', 4, TIMESTAMP '2026-06-15 14:22:00', TIMESTAMP '2025-10-02 08:30:00', 'APP000000011')
2026-06-17T13:54:35.544+05:30 DEBUG 16148 --- [recarding-dashboard-backend] [           main] o.s.jdbc.datasource.init.ScriptUtils     : 1 returned as update count for SQL: INSERT INTO RECARDREQUEST (REQUESTID, PRIORITYLEVEL, REASON, REMARKS, STATUS, REQUESTEDUSER, APPROVEDUSER, LASTUPDATEDUSER, CREATEDTIME, LASTUPDATEDTIME, REJECTREMARK, ISMIGRATED, RENEWCONFIRMATION, REQUESTREASONCODE, CALLLOGID, MAINCARDNUMBER, REQUESTEDCARD, ASSOCIATEDCARD, CUSTOMERID, ACCOUNTNUMBER, APPLICATIONID, CARDCATEGORY, ISPRIMARY, BULKID, ASSIGNUSER) VALUES ('REQ000000000000001', 'HIGH', 'Card Replacement', 'Lost card', 'PENDING', 'teller_01', 'mgr_02', 'system_batch', TIMESTAMP '2026-06-15 14:00:00', TIMESTAMP '2026-06-15 14:00:00', NULL, 'N', 'YES', 'CR01', 'CALL003', '411111XXXXXX1005', '411111XXXXXX1005', NULL, 'CUST003', 'ACT003', 'APP000000005', 'CAT1', 'TRUE', NULL, NULL)
2026-06-17T13:54:35.545+05:30 DEBUG 16148 --- [recarding-dashboard-backend] [           main] o.s.jdbc.datasource.init.ScriptUtils     : 1 returned as update count for SQL: INSERT INTO RECARDREQUEST (REQUESTID, PRIORITYLEVEL, REASON, REMARKS, STATUS, REQUESTEDUSER, APPROVEDUSER, LASTUPDATEDUSER, CREATEDTIME, LASTUPDATEDTIME, REJECTREMARK, ISMIGRATED, RENEWCONFIRMATION, REQUESTREASONCODE, CALLLOGID, MAINCARDNUMBER, REQUESTEDCARD, ASSOCIATEDCARD, CUSTOMERID, ACCOUNTNUMBER, APPLICATIONID, CARDCATEGORY, ISPRIMARY, BULKID, ASSIGNUSER) VALUES ('REQ000000000000002', 'NORMAL', 'Product Change', 'Upgrade', 'COMPLETED', 'system', 'mgr_01', 'system_batch', TIMESTAMP '2026-06-16 11:00:00', TIMESTAMP '2026-06-16 11:00:00', NULL, 'Y', 'YES', 'PC02', 'CALL006', '411111XXXXXX1008', '411111XXXXXX1008', NULL, 'CUST006', 'ACT006', 'APP000000008', 'CAT1', 'TRUE', NULL, NULL)
2026-06-17T13:54:35.545+05:30 DEBUG 16148 --- [recarding-dashboard-backend] [           main] o.s.jdbc.datasource.init.ScriptUtils     : 1 returned as update count for SQL: INSERT INTO RECARDREQUEST (REQUESTID, PRIORITYLEVEL, REASON, REMARKS, STATUS, REQUESTEDUSER, APPROVEDUSER, LASTUPDATEDUSER, CREATEDTIME, LASTUPDATEDTIME, REJECTREMARK, ISMIGRATED, RENEWCONFIRMATION, REQUESTREASONCODE, CALLLOGID, MAINCARDNUMBER, REQUESTEDCARD, ASSOCIATEDCARD, CUSTOMERID, ACCOUNTNUMBER, APPLICATIONID, CARDCATEGORY, ISPRIMARY, BULKID, ASSIGNUSER) VALUES ('REQ000000000000003', 'HIGH', 'Card Replacement', 'Failed attempt', 'FAILED', 'teller_01', 'mgr_01', 'system_batch', TIMESTAMP '2026-06-15 14:22:00', TIMESTAMP '2026-06-15 14:22:00', 'Customer KYC mismatch', 'N', 'NO', 'CR01', 'CALL009', '411111XXXXXX1011', '411111XXXXXX1011', NULL, 'CUST009', 'ACT009', 'APP000000011', 'CAT1', 'TRUE', NULL, NULL)
2026-06-17T13:54:35.546+05:30 DEBUG 16148 --- [recarding-dashboard-backend] [           main] o.s.jdbc.datasource.init.ScriptUtils     : 1 returned as update count for SQL: INSERT INTO MD_ENGINE_CONFIGURATIONS (ENGINEID, ENGINESTATUS, LASTEXECUTIONTIME, NEXTSCHEDULEDRUNTIME, CARDSPROCESSEDPERRUN, AVGPROCESSINGTIMEPERCARD, THREADSRUNPARALLEL, BATCHSIZE, PERIOD, LASTUPDATEDTIME) VALUES ('MSE-01', 1, TIMESTAMP '2026-06-16 10:30:00', TIMESTAMP '2026-06-16 10:45:00', 500, 0.85, 10, 500, '10:30-10:45', TIMESTAMP '2026-06-16 10:30:00')
2026-06-17T13:54:35.547+05:30 DEBUG 16148 --- [recarding-dashboard-backend] [           main] o.s.jdbc.datasource.init.ScriptUtils     : 1 returned as update count for SQL: INSERT INTO MD_ENGINE_CONFIGURATIONS (ENGINEID, ENGINESTATUS, LASTEXECUTIONTIME, NEXTSCHEDULEDRUNTIME, CARDSPROCESSEDPERRUN, AVGPROCESSINGTIMEPERCARD, THREADSRUNPARALLEL, BATCHSIZE, PERIOD, LASTUPDATEDTIME) VALUES ('MSE-02', 0, TIMESTAMP '2026-06-16 10:00:00', TIMESTAMP '2026-06-16 11:00:00', 250, 1.12, 4, 250, '10:00-10:15', TIMESTAMP '2026-06-16 10:00:00')
2026-06-17T13:54:35.547+05:30 DEBUG 16148 --- [recarding-dashboard-backend] [           main] o.s.jdbc.datasource.init.ScriptUtils     : 1 returned as update count for SQL: INSERT INTO MD_ENGINE_EXECUTION_LOG (RUNID, STARTTIME, ENDTIME, STATUS, CARDSPROCESSED, AVGTIMEPERCARD, THREADCOUNT, BATCHSIZE, ERRORCOUNT, ERRORMESSAGE) VALUES ('RUN-20260616-01', TIMESTAMP '2026-06-16 10:30:00', TIMESTAMP '2026-06-16 10:31:30', 'SUCCESS', 500, 0.85, 10, 500, 0, NULL)
2026-06-17T13:54:35.547+05:30 DEBUG 16148 --- [recarding-dashboard-backend] [           main] o.s.jdbc.datasource.init.ScriptUtils     : 1 returned as update count for SQL: INSERT INTO MD_ENGINE_EXECUTION_LOG (RUNID, STARTTIME, ENDTIME, STATUS, CARDSPROCESSED, AVGTIMEPERCARD, THREADCOUNT, BATCHSIZE, ERRORCOUNT, ERRORMESSAGE) VALUES ('RUN-20260616-02', TIMESTAMP '2026-06-16 10:15:00', TIMESTAMP '2026-06-16 10:16:40', 'SUCCESS', 480, 0.82, 10, 500, 0, NULL)
2026-06-17T13:54:35.548+05:30 DEBUG 16148 --- [recarding-dashboard-backend] [           main] o.s.jdbc.datasource.init.ScriptUtils     : 1 returned as update count for SQL: INSERT INTO MD_ENGINE_EXECUTION_LOG (RUNID, STARTTIME, ENDTIME, STATUS, CARDSPROCESSED, AVGTIMEPERCARD, THREADCOUNT, BATCHSIZE, ERRORCOUNT, ERRORMESSAGE) VALUES ('RUN-20260616-03', TIMESTAMP '2026-06-16 10:00:00', TIMESTAMP '2026-06-16 10:02:10', 'FAILED', 250, 1.12, 4, 250, 12, 'Oracle connection pool exhausted')
2026-06-17T13:54:35.549+05:30 DEBUG 16148 --- [recarding-dashboard-backend] [           main] o.s.jdbc.datasource.init.ScriptUtils     : 1 returned as update count for SQL: INSERT INTO MD_ENGINE_EXECUTION_LOG (RUNID, STARTTIME, ENDTIME, STATUS, CARDSPROCESSED, AVGTIMEPERCARD, THREADCOUNT, BATCHSIZE, ERRORCOUNT, ERRORMESSAGE) VALUES ('RUN-20260616-04', TIMESTAMP '2026-06-16 09:45:00', TIMESTAMP '2026-06-16 09:46:20', 'SUCCESS', 500, 0.88, 10, 500, 0, NULL)
2026-06-17T13:54:35.550+05:30 DEBUG 16148 --- [recarding-dashboard-backend] [           main] o.s.jdbc.datasource.init.ScriptUtils     : 1 returned as update count for SQL: INSERT INTO MD_ENGINE_EXECUTION_LOG (RUNID, STARTTIME, ENDTIME, STATUS, CARDSPROCESSED, AVGTIMEPERCARD, THREADCOUNT, BATCHSIZE, ERRORCOUNT, ERRORMESSAGE) VALUES ('RUN-20260616-05', TIMESTAMP '2026-06-16 09:30:00', TIMESTAMP '2026-06-16 09:31:15', 'SUCCESS', 450, 0.90, 8, 500, 0, NULL)
2026-06-17T13:54:35.550+05:30 DEBUG 16148 --- [recarding-dashboard-backend] [           main] o.s.jdbc.datasource.init.ScriptUtils     : 1 returned as update count for SQL: INSERT INTO MD_ENGINE_EXECUTION_LOG (RUNID, STARTTIME, ENDTIME, STATUS, CARDSPROCESSED, AVGTIMEPERCARD, THREADCOUNT, BATCHSIZE, ERRORCOUNT, ERRORMESSAGE) VALUES ('RUN-20260616-06', TIMESTAMP '2026-06-16 09:15:00', TIMESTAMP '2026-06-16 09:16:30', 'SUCCESS', 500, 0.84, 10, 500, 0, NULL)
2026-06-17T13:54:35.551+05:30 DEBUG 16148 --- [recarding-dashboard-backend] [           main] o.s.jdbc.datasource.init.ScriptUtils     : 1 returned as update count for SQL: INSERT INTO MD_ENGINE_EXECUTION_LOG (RUNID, STARTTIME, ENDTIME, STATUS, CARDSPROCESSED, AVGTIMEPERCARD, THREADCOUNT, BATCHSIZE, ERRORCOUNT, ERRORMESSAGE) VALUES ('RUN-20260616-07', TIMESTAMP '2026-06-16 09:00:00', TIMESTAMP '2026-06-16 09:01:25', 'SUCCESS', 490, 0.87, 10, 500, 0, NULL)
2026-06-17T13:54:35.552+05:30 DEBUG 16148 --- [recarding-dashboard-backend] [           main] o.s.jdbc.datasource.init.ScriptUtils     : 1 returned as update count for SQL: INSERT INTO MD_ENGINE_EXECUTION_LOG (RUNID, STARTTIME, ENDTIME, STATUS, CARDSPROCESSED, AVGTIMEPERCARD, THREADCOUNT, BATCHSIZE, ERRORCOUNT, ERRORMESSAGE) VALUES ('RUN-20260616-08', TIMESTAMP '2026-06-16 08:45:00', TIMESTAMP '2026-06-16 08:46:18', 'SUCCESS', 500, 0.83, 10, 500, 0, NULL)
2026-06-17T13:54:35.553+05:30 DEBUG 16148 --- [recarding-dashboard-backend] [           main] o.s.jdbc.datasource.init.ScriptUtils     : 1 returned as update count for SQL: INSERT INTO MD_ENGINE_EXECUTION_LOG (RUNID, STARTTIME, ENDTIME, STATUS, CARDSPROCESSED, AVGTIMEPERCARD, THREADCOUNT, BATCHSIZE, ERRORCOUNT, ERRORMESSAGE) VALUES ('RUN-20260616-09', TIMESTAMP '2026-06-16 08:30:00', TIMESTAMP '2026-06-16 08:31:10', 'SUCCESS', 400, 0.92, 8, 500, 0, NULL)
2026-06-17T13:54:35.568+05:30 DEBUG 16148 --- [recarding-dashboard-backend] [           main] o.s.jdbc.datasource.init.ScriptUtils     : 1 returned as update count for SQL: INSERT INTO MD_ENGINE_EXECUTION_LOG (RUNID, STARTTIME, ENDTIME, STATUS, CARDSPROCESSED, AVGTIMEPERCARD, THREADCOUNT, BATCHSIZE, ERRORCOUNT, ERRORMESSAGE) VALUES ('RUN-20260616-10', TIMESTAMP '2026-06-16 08:15:00', TIMESTAMP '2026-06-16 08:16:30', 'SUCCESS', 500, 0.86, 10, 500, 0, NULL)
2026-06-17T13:54:35.569+05:30 DEBUG 16148 --- [recarding-dashboard-backend] [           main] o.s.jdbc.datasource.init.ScriptUtils     : 1 returned as update count for SQL: INSERT INTO MD_ENGINE_EXECUTION_LOG (RUNID, STARTTIME, ENDTIME, STATUS, CARDSPROCESSED, AVGTIMEPERCARD, THREADCOUNT, BATCHSIZE, ERRORCOUNT, ERRORMESSAGE) VALUES ('RUN-20260616-11', TIMESTAMP '2026-06-16 08:00:00', TIMESTAMP '2026-06-16 08:01:22', 'SUCCESS', 485, 0.88, 10, 500, 0, NULL)
2026-06-17T13:54:35.570+05:30 DEBUG 16148 --- [recarding-dashboard-backend] [           main] o.s.jdbc.datasource.init.ScriptUtils     : 1 returned as update count for SQL: INSERT INTO MD_ENGINE_EXECUTION_LOG (RUNID, STARTTIME, ENDTIME, STATUS, CARDSPROCESSED, AVGTIMEPERCARD, THREADCOUNT, BATCHSIZE, ERRORCOUNT, ERRORMESSAGE) VALUES ('RUN-20260616-12', TIMESTAMP '2026-06-16 07:45:00', TIMESTAMP '2026-06-16 07:46:15', 'SUCCESS', 500, 0.85, 10, 500, 0, NULL)
2026-06-17T13:54:35.570+05:30 DEBUG 16148 --- [recarding-dashboard-backend] [           main] o.s.jdbc.datasource.init.ScriptUtils     : 1 returned as update count for SQL: INSERT INTO MD_ENGINE_EXECUTION_LOG (RUNID, STARTTIME, ENDTIME, STATUS, CARDSPROCESSED, AVGTIMEPERCARD, THREADCOUNT, BATCHSIZE, ERRORCOUNT, ERRORMESSAGE) VALUES ('RUN-20260616-13', TIMESTAMP '2026-06-16 07:30:00', TIMESTAMP '2026-06-16 07:31:10', 'SUCCESS', 420, 0.91, 8, 500, 0, NULL)
2026-06-17T13:54:35.571+05:30 DEBUG 16148 --- [recarding-dashboard-backend] [           main] o.s.jdbc.datasource.init.ScriptUtils     : 1 returned as update count for SQL: INSERT INTO MD_ENGINE_EXECUTION_LOG (RUNID, STARTTIME, ENDTIME, STATUS, CARDSPROCESSED, AVGTIMEPERCARD, THREADCOUNT, BATCHSIZE, ERRORCOUNT, ERRORMESSAGE) VALUES ('RUN-20260616-14', TIMESTAMP '2026-06-16 07:15:00', TIMESTAMP '2026-06-16 07:16:32', 'SUCCESS', 500, 0.85, 10, 500, 0, NULL)
2026-06-17T13:54:35.571+05:30 DEBUG 16148 --- [recarding-dashboard-backend] [           main] o.s.jdbc.datasource.init.ScriptUtils     : 1 returned as update count for SQL: INSERT INTO MD_ENGINE_EXECUTION_LOG (RUNID, STARTTIME, ENDTIME, STATUS, CARDSPROCESSED, AVGTIMEPERCARD, THREADCOUNT, BATCHSIZE, ERRORCOUNT, ERRORMESSAGE) VALUES ('RUN-20260616-15', TIMESTAMP '2026-06-16 07:00:00', TIMESTAMP '2026-06-16 07:01:25', 'SUCCESS', 495, 0.89, 10, 500, 0, NULL)
2026-06-17T13:54:35.572+05:30 DEBUG 16148 --- [recarding-dashboard-backend] [           main] o.s.jdbc.datasource.init.ScriptUtils     : 1 returned as update count for SQL: INSERT INTO MD_ENGINE_EXECUTION_LOG (RUNID, STARTTIME, ENDTIME, STATUS, CARDSPROCESSED, AVGTIMEPERCARD, THREADCOUNT, BATCHSIZE, ERRORCOUNT, ERRORMESSAGE) VALUES ('RUN-20260616-16', TIMESTAMP '2026-06-16 06:45:00', TIMESTAMP '2026-06-16 06:46:18', 'SUCCESS', 500, 0.84, 10, 500, 0, NULL)
2026-06-17T13:54:35.572+05:30 DEBUG 16148 --- [recarding-dashboard-backend] [           main] o.s.jdbc.datasource.init.ScriptUtils     : 1 returned as update count for SQL: INSERT INTO MD_ENGINE_EXECUTION_LOG (RUNID, STARTTIME, ENDTIME, STATUS, CARDSPROCESSED, AVGTIMEPERCARD, THREADCOUNT, BATCHSIZE, ERRORCOUNT, ERRORMESSAGE) VALUES ('RUN-20260616-17', TIMESTAMP '2026-06-16 06:30:00', TIMESTAMP '2026-06-16 06:31:10', 'SUCCESS', 390, 0.94, 8, 500, 0, NULL)
2026-06-17T13:54:35.573+05:30 DEBUG 16148 --- [recarding-dashboard-backend] [           main] o.s.jdbc.datasource.init.ScriptUtils     : 1 returned as update count for SQL: INSERT INTO MD_ENGINE_EXECUTION_LOG (RUNID, STARTTIME, ENDTIME, STATUS, CARDSPROCESSED, AVGTIMEPERCARD, THREADCOUNT, BATCHSIZE, ERRORCOUNT, ERRORMESSAGE) VALUES ('RUN-20260616-18', TIMESTAMP '2026-06-16 06:15:00', TIMESTAMP '2026-06-16 06:16:30', 'SUCCESS', 500, 0.85, 10, 500, 0, NULL)
2026-06-17T13:54:35.573+05:30 DEBUG 16148 --- [recarding-dashboard-backend] [           main] o.s.jdbc.datasource.init.ScriptUtils     : 1 returned as update count for SQL: INSERT INTO MD_ENGINE_EXECUTION_LOG (RUNID, STARTTIME, ENDTIME, STATUS, CARDSPROCESSED, AVGTIMEPERCARD, THREADCOUNT, BATCHSIZE, ERRORCOUNT, ERRORMESSAGE) VALUES ('RUN-20260616-19', TIMESTAMP '2026-06-16 06:00:00', TIMESTAMP '2026-06-16 06:01:20', 'SUCCESS', 480, 0.90, 10, 500, 0, NULL)
2026-06-17T13:54:35.573+05:30 DEBUG 16148 --- [recarding-dashboard-backend] [           main] o.s.jdbc.datasource.init.ScriptUtils     : 1 returned as update count for SQL: INSERT INTO MD_ENGINE_EXECUTION_LOG (RUNID, STARTTIME, ENDTIME, STATUS, CARDSPROCESSED, AVGTIMEPERCARD, THREADCOUNT, BATCHSIZE, ERRORCOUNT, ERRORMESSAGE) VALUES ('RUN-20260616-20', TIMESTAMP '2026-06-16 05:45:00', TIMESTAMP '2026-06-16 05:46:15', 'SUCCESS', 500, 0.83, 10, 500, 0, NULL)
2026-06-17T13:54:35.577+05:30 DEBUG 16148 --- [recarding-dashboard-backend] [           main] o.s.jdbc.datasource.init.ScriptUtils     : 1 returned as update count for SQL: INSERT INTO MD_ENGINE_EXECUTION_LOG (RUNID, STARTTIME, ENDTIME, STATUS, CARDSPROCESSED, AVGTIMEPERCARD, THREADCOUNT, BATCHSIZE, ERRORCOUNT, ERRORMESSAGE) VALUES ('RUN-20260616-21', TIMESTAMP '2026-06-16 05:30:00', TIMESTAMP '2026-06-16 05:31:12', 'SUCCESS', 410, 0.93, 8, 500, 0, NULL)
2026-06-17T13:54:35.578+05:30 DEBUG 16148 --- [recarding-dashboard-backend] [           main] o.s.jdbc.datasource.init.ScriptUtils     : 1 returned as update count for SQL: INSERT INTO MD_ENGINE_EXECUTION_LOG (RUNID, STARTTIME, ENDTIME, STATUS, CARDSPROCESSED, AVGTIMEPERCARD, THREADCOUNT, BATCHSIZE, ERRORCOUNT, ERRORMESSAGE) VALUES ('RUN-20260616-22', TIMESTAMP '2026-06-16 05:15:00', TIMESTAMP '2026-06-16 05:16:30', 'SUCCESS', 500, 0.86, 10, 500, 0, NULL)
2026-06-17T13:54:35.578+05:30 DEBUG 16148 --- [recarding-dashboard-backend] [           main] o.s.jdbc.datasource.init.ScriptUtils     : Executed SQL script from class path resource [db/test-data.sql] in 48 ms.
2026-06-17T13:54:35.578+05:30 DEBUG 16148 --- [recarding-dashboard-backend] [           main] o.s.jdbc.support.JdbcTransactionManager  : Initiating transaction commit
2026-06-17T13:54:35.579+05:30 DEBUG 16148 --- [recarding-dashboard-backend] [           main] o.s.jdbc.support.JdbcTransactionManager  : Committing JDBC transaction on Connection [HikariProxyConnection@1406226484 wrapping conn5: url=jdbc:h2:mem:testdb user=SA]
2026-06-17T13:54:35.629+05:30 DEBUG 16148 --- [recarding-dashboard-backend] [           main] o.s.jdbc.support.JdbcTransactionManager  : Releasing JDBC Connection [HikariProxyConnection@1406226484 wrapping conn5: url=jdbc:h2:mem:testdb user=SA] after transaction
2026-06-17T13:54:35.656+05:30 DEBUG 16148 --- [recarding-dashboard-backend] [           main] o.s.jdbc.core.JdbcTemplate               : Executing prepared SQL query
2026-06-17T13:54:35.656+05:30 DEBUG 16148 --- [recarding-dashboard-backend] [           main] o.s.jdbc.core.JdbcTemplate               : Executing prepared SQL statement [SELECT c.MGRFLAG, COUNT(*) AS cnt FROM CARD c WHERE 1=1 AND c.LASTUPDATEDTIME >= ? AND c.LASTUPDATEDTIME <= ? GROUP BY c.MGRFLAG]
2026-06-17T13:54:35.656+05:30 DEBUG 16148 --- [recarding-dashboard-backend] [           main] o.s.jdbc.datasource.DataSourceUtils      : Fetching JDBC Connection from DataSource
]]></system-out>
  </testcase>
  <testcase name="testGetProductTypes_ReturnDistinctValues" classname="com.dfcc.dashboard.repository.DashboardRepositoryTest" time="0.014">
    <system-out><![CDATA[2026-06-17T13:54:35.726+05:30 DEBUG 16148 --- [recarding-dashboard-backend] [           main] o.s.jdbc.core.JdbcTemplate               : Executing prepared SQL query
2026-06-17T13:54:35.726+05:30 DEBUG 16148 --- [recarding-dashboard-backend] [           main] o.s.jdbc.core.JdbcTemplate               : Executing prepared SQL statement [SELECT DISTINCT CARDPRODUCT FROM CARD WHERE CARDPRODUCT IS NOT NULL ORDER BY CARDPRODUCT]
2026-06-17T13:54:35.726+05:30 DEBUG 16148 --- [recarding-dashboard-backend] [           main] o.s.jdbc.datasource.DataSourceUtils      : Fetching JDBC Connection from DataSource
]]></system-out>
  </testcase>
  <testcase name="testGetEngineHistory_DateFilter" classname="com.dfcc.dashboard.repository.DashboardRepositoryTest" time="0.027">
    <system-out><![CDATA[2026-06-17T13:54:35.746+05:30 DEBUG 16148 --- [recarding-dashboard-backend] [           main] o.s.jdbc.core.JdbcTemplate               : Executing prepared SQL query
2026-06-17T13:54:35.746+05:30 DEBUG 16148 --- [recarding-dashboard-backend] [           main] o.s.jdbc.core.JdbcTemplate               : Executing prepared SQL statement [SELECT COUNT(*) FROM MD_ENGINE_EXECUTION_LOG WHERE 1=1 AND STARTTIME >= ? AND STARTTIME <= ? ]
2026-06-17T13:54:35.746+05:30 DEBUG 16148 --- [recarding-dashboard-backend] [           main] o.s.jdbc.datasource.DataSourceUtils      : Fetching JDBC Connection from DataSource
2026-06-17T13:54:35.752+05:30 DEBUG 16148 --- [recarding-dashboard-backend] [           main] o.s.jdbc.core.JdbcTemplate               : Executing prepared SQL query
2026-06-17T13:54:35.752+05:30 DEBUG 16148 --- [recarding-dashboard-backend] [           main] o.s.jdbc.core.JdbcTemplate               : Executing prepared SQL statement [SELECT RUNID, STARTTIME, ENDTIME, STATUS, CARDSPROCESSED, AVGTIMEPERCARD, THREADCOUNT, BATCHSIZE, ERRORCOUNT, ERRORMESSAGE FROM MD_ENGINE_EXECUTION_LOG WHERE 1=1 AND STARTTIME >= ? AND STARTTIME <= ? ORDER BY STARTTIME ASC OFFSET ? ROWS FETCH NEXT ? ROWS ONLY]
2026-06-17T13:54:35.752+05:30 DEBUG 16148 --- [recarding-dashboard-backend] [           main] o.s.jdbc.datasource.DataSourceUtils      : Fetching JDBC Connection from DataSource
]]></system-out>
  </testcase>
  <testcase name="testGetMigrationFlags_NoFilters" classname="com.dfcc.dashboard.repository.DashboardRepositoryTest" time="0.011">
    <system-out><![CDATA[2026-06-17T13:54:35.808+05:30 DEBUG 16148 --- [recarding-dashboard-backend] [           main] o.s.jdbc.core.JdbcTemplate               : Executing prepared SQL query
2026-06-17T13:54:35.809+05:30 DEBUG 16148 --- [recarding-dashboard-backend] [           main] o.s.jdbc.core.JdbcTemplate               : Executing prepared SQL statement [SELECT c.MGRFLAG, COUNT(*) AS cnt FROM CARD c WHERE 1=1 GROUP BY c.MGRFLAG]
2026-06-17T13:54:35.809+05:30 DEBUG 16148 --- [recarding-dashboard-backend] [           main] o.s.jdbc.datasource.DataSourceUtils      : Fetching JDBC Connection from DataSource
]]></system-out>
  </testcase>
  <testcase name="testGetEngineHistory_FirstPage" classname="com.dfcc.dashboard.repository.DashboardRepositoryTest" time="0.023">
    <system-out><![CDATA[2026-06-17T13:54:35.820+05:30 DEBUG 16148 --- [recarding-dashboard-backend] [           main] o.s.jdbc.core.JdbcTemplate               : Executing prepared SQL query
2026-06-17T13:54:35.820+05:30 DEBUG 16148 --- [recarding-dashboard-backend] [           main] o.s.jdbc.core.JdbcTemplate               : Executing prepared SQL statement [SELECT COUNT(*) FROM MD_ENGINE_EXECUTION_LOG WHERE 1=1 ]
2026-06-17T13:54:35.821+05:30 DEBUG 16148 --- [recarding-dashboard-backend] [           main] o.s.jdbc.datasource.DataSourceUtils      : Fetching JDBC Connection from DataSource
2026-06-17T13:54:35.822+05:30 DEBUG 16148 --- [recarding-dashboard-backend] [           main] o.s.jdbc.core.JdbcTemplate               : Executing prepared SQL query
2026-06-17T13:54:35.822+05:30 DEBUG 16148 --- [recarding-dashboard-backend] [           main] o.s.jdbc.core.JdbcTemplate               : Executing prepared SQL statement [SELECT RUNID, STARTTIME, ENDTIME, STATUS, CARDSPROCESSED, AVGTIMEPERCARD, THREADCOUNT, BATCHSIZE, ERRORCOUNT, ERRORMESSAGE FROM MD_ENGINE_EXECUTION_LOG WHERE 1=1 ORDER BY STARTTIME DESC OFFSET ? ROWS FETCH NEXT ? ROWS ONLY]
2026-06-17T13:54:35.822+05:30 DEBUG 16148 --- [recarding-dashboard-backend] [           main] o.s.jdbc.datasource.DataSourceUtils      : Fetching JDBC Connection from DataSource
]]></system-out>
  </testcase>
  <testcase name="testGetEngineHistory_SecondPage" classname="com.dfcc.dashboard.repository.DashboardRepositoryTest" time="0.019">
    <system-out><![CDATA[2026-06-17T13:54:35.853+05:30 DEBUG 16148 --- [recarding-dashboard-backend] [           main] o.s.jdbc.core.JdbcTemplate               : Executing prepared SQL query
2026-06-17T13:54:35.853+05:30 DEBUG 16148 --- [recarding-dashboard-backend] [           main] o.s.jdbc.core.JdbcTemplate               : Executing prepared SQL statement [SELECT COUNT(*) FROM MD_ENGINE_EXECUTION_LOG WHERE 1=1 ]
2026-06-17T13:54:35.853+05:30 DEBUG 16148 --- [recarding-dashboard-backend] [           main] o.s.jdbc.datasource.DataSourceUtils      : Fetching JDBC Connection from DataSource
2026-06-17T13:54:35.854+05:30 DEBUG 16148 --- [recarding-dashboard-backend] [           main] o.s.jdbc.core.JdbcTemplate               : Executing prepared SQL query
2026-06-17T13:54:35.854+05:30 DEBUG 16148 --- [recarding-dashboard-backend] [           main] o.s.jdbc.core.JdbcTemplate               : Executing prepared SQL statement [SELECT RUNID, STARTTIME, ENDTIME, STATUS, CARDSPROCESSED, AVGTIMEPERCARD, THREADCOUNT, BATCHSIZE, ERRORCOUNT, ERRORMESSAGE FROM MD_ENGINE_EXECUTION_LOG WHERE 1=1 ORDER BY STARTTIME DESC OFFSET ? ROWS FETCH NEXT ? ROWS ONLY]
2026-06-17T13:54:35.854+05:30 DEBUG 16148 --- [recarding-dashboard-backend] [           main] o.s.jdbc.datasource.DataSourceUtils      : Fetching JDBC Connection from DataSource
]]></system-out>
  </testcase>
  <testcase name="testGetFailedRequests_WithNonMatchingMgrFlagFilter" classname="com.dfcc.dashboard.repository.DashboardRepositoryTest" time="0.006"/>
  <testcase name="testGetMigrationFlags_WithMgrFlagFilter" classname="com.dfcc.dashboard.repository.DashboardRepositoryTest" time="0.008">
    <system-out><![CDATA[2026-06-17T13:54:35.877+05:30 DEBUG 16148 --- [recarding-dashboard-backend] [           main] o.s.jdbc.core.JdbcTemplate               : Executing prepared SQL query
2026-06-17T13:54:35.877+05:30 DEBUG 16148 --- [recarding-dashboard-backend] [           main] o.s.jdbc.core.JdbcTemplate               : Executing prepared SQL statement [SELECT c.MGRFLAG, COUNT(*) AS cnt FROM CARD c WHERE 1=1 AND c.MGRFLAG = ? GROUP BY c.MGRFLAG]
2026-06-17T13:54:35.877+05:30 DEBUG 16148 --- [recarding-dashboard-backend] [           main] o.s.jdbc.datasource.DataSourceUtils      : Fetching JDBC Connection from DataSource
]]></system-out>
  </testcase>
  <testcase name="testGetRequestSummary_NoFilters" classname="com.dfcc.dashboard.repository.DashboardRepositoryTest" time="0.016">
    <system-out><![CDATA[2026-06-17T13:54:35.894+05:30 DEBUG 16148 --- [recarding-dashboard-backend] [           main] o.s.jdbc.core.JdbcTemplate               : Executing prepared SQL query
2026-06-17T13:54:35.894+05:30 DEBUG 16148 --- [recarding-dashboard-backend] [           main] o.s.jdbc.core.JdbcTemplate               : Executing prepared SQL statement [SELECT c.MGRFLAG, rr.REASON, COUNT(*) AS cnt FROM CARD c JOIN RECARDREQUEST rr ON rr.REQUESTEDCARD = c.CARDNUMBER WHERE 1=1 GROUP BY c.MGRFLAG, rr.REASON]
2026-06-17T13:54:35.894+05:30 DEBUG 16148 --- [recarding-dashboard-backend] [           main] o.s.jdbc.datasource.DataSourceUtils      : Fetching JDBC Connection from DataSource
]]></system-out>
  </testcase>
  <testcase name="testGetFailedRequests_ReturnsCorrectData" classname="com.dfcc.dashboard.repository.DashboardRepositoryTest" time="0.022">
    <system-out><![CDATA[2026-06-17T13:54:35.907+05:30 DEBUG 16148 --- [recarding-dashboard-backend] [           main] o.s.jdbc.core.JdbcTemplate               : Executing prepared SQL query
2026-06-17T13:54:35.914+05:30 DEBUG 16148 --- [recarding-dashboard-backend] [           main] o.s.jdbc.core.JdbcTemplate               : Executing prepared SQL statement [SELECT rr.REQUESTID, rr.REQUESTEDCARD, rr.REASON, rr.REJECTREMARK, rr.LASTUPDATEDTIME FROM CARD c JOIN RECARDREQUEST rr ON rr.REQUESTEDCARD = c.CARDNUMBER WHERE c.MGRFLAG = 4 ORDER BY rr.LASTUPDATEDTIME DESC]
2026-06-17T13:54:35.914+05:30 DEBUG 16148 --- [recarding-dashboard-backend] [           main] o.s.jdbc.datasource.DataSourceUtils      : Fetching JDBC Connection from DataSource
]]></system-out>
  </testcase>
  <testcase name="testGetMigrationFlags_WithProductTypeFilter" classname="com.dfcc.dashboard.repository.DashboardRepositoryTest" time="0.011">
    <system-out><![CDATA[2026-06-17T13:54:35.934+05:30 DEBUG 16148 --- [recarding-dashboard-backend] [           main] o.s.jdbc.core.JdbcTemplate               : Executing prepared SQL query
2026-06-17T13:54:35.935+05:30 DEBUG 16148 --- [recarding-dashboard-backend] [           main] o.s.jdbc.core.JdbcTemplate               : Executing prepared SQL statement [SELECT c.MGRFLAG, COUNT(*) AS cnt FROM CARD c WHERE 1=1 AND c.CARDPRODUCT = ? GROUP BY c.MGRFLAG]
2026-06-17T13:54:35.935+05:30 DEBUG 16148 --- [recarding-dashboard-backend] [           main] o.s.jdbc.datasource.DataSourceUtils      : Fetching JDBC Connection from DataSource
]]></system-out>
  </testcase>
  <testcase name="testGetMigrationFlags_WithReasonFilter_JoinsRecard" classname="com.dfcc.dashboard.repository.DashboardRepositoryTest" time="0.011">
    <system-out><![CDATA[2026-06-17T13:54:35.959+05:30 DEBUG 16148 --- [recarding-dashboard-backend] [           main] o.s.jdbc.core.JdbcTemplate               : Executing prepared SQL query
2026-06-17T13:54:35.960+05:30 DEBUG 16148 --- [recarding-dashboard-backend] [           main] o.s.jdbc.core.JdbcTemplate               : Executing prepared SQL statement [SELECT c.MGRFLAG, COUNT(*) AS cnt FROM CARD c LEFT JOIN RECARDREQUEST rr ON rr.REQUESTEDCARD = c.CARDNUMBER WHERE 1=1 AND rr.REASON = ? GROUP BY c.MGRFLAG]
2026-06-17T13:54:35.961+05:30 DEBUG 16148 --- [recarding-dashboard-backend] [           main] o.s.jdbc.datasource.DataSourceUtils      : Fetching JDBC Connection from DataSource
]]></system-out>
  </testcase>
  <testcase name="testGetEngineHistory_LastPage" classname="com.dfcc.dashboard.repository.DashboardRepositoryTest" time="0.011">
    <system-out><![CDATA[2026-06-17T13:54:35.978+05:30 DEBUG 16148 --- [recarding-dashboard-backend] [           main] o.s.jdbc.core.JdbcTemplate               : Executing prepared SQL query
2026-06-17T13:54:35.981+05:30 DEBUG 16148 --- [recarding-dashboard-backend] [           main] o.s.jdbc.core.JdbcTemplate               : Executing prepared SQL statement [SELECT COUNT(*) FROM MD_ENGINE_EXECUTION_LOG WHERE 1=1 ]
2026-06-17T13:54:35.982+05:30 DEBUG 16148 --- [recarding-dashboard-backend] [           main] o.s.jdbc.datasource.DataSourceUtils      : Fetching JDBC Connection from DataSource
2026-06-17T13:54:35.982+05:30 DEBUG 16148 --- [recarding-dashboard-backend] [           main] o.s.jdbc.core.JdbcTemplate               : Executing prepared SQL query
2026-06-17T13:54:35.982+05:30 DEBUG 16148 --- [recarding-dashboard-backend] [           main] o.s.jdbc.core.JdbcTemplate               : Executing prepared SQL statement [SELECT RUNID, STARTTIME, ENDTIME, STATUS, CARDSPROCESSED, AVGTIMEPERCARD, THREADCOUNT, BATCHSIZE, ERRORCOUNT, ERRORMESSAGE FROM MD_ENGINE_EXECUTION_LOG WHERE 1=1 ORDER BY STARTTIME DESC OFFSET ? ROWS FETCH NEXT ? ROWS ONLY]
2026-06-17T13:54:35.983+05:30 DEBUG 16148 --- [recarding-dashboard-backend] [           main] o.s.jdbc.datasource.DataSourceUtils      : Fetching JDBC Connection from DataSource
]]></system-out>
  </testcase>
  <testcase name="testGetEngineHistory_SortAscending" classname="com.dfcc.dashboard.repository.DashboardRepositoryTest" time="0.013">
    <system-out><![CDATA[2026-06-17T13:54:36.006+05:30 DEBUG 16148 --- [recarding-dashboard-backend] [           main] o.s.jdbc.core.JdbcTemplate               : Executing prepared SQL query
2026-06-17T13:54:36.006+05:30 DEBUG 16148 --- [recarding-dashboard-backend] [           main] o.s.jdbc.core.JdbcTemplate               : Executing prepared SQL statement [SELECT COUNT(*) FROM MD_ENGINE_EXECUTION_LOG WHERE 1=1 ]
2026-06-17T13:54:36.006+05:30 DEBUG 16148 --- [recarding-dashboard-backend] [           main] o.s.jdbc.datasource.DataSourceUtils      : Fetching JDBC Connection from DataSource
2026-06-17T13:54:36.007+05:30 DEBUG 16148 --- [recarding-dashboard-backend] [           main] o.s.jdbc.core.JdbcTemplate               : Executing prepared SQL query
2026-06-17T13:54:36.007+05:30 DEBUG 16148 --- [recarding-dashboard-backend] [           main] o.s.jdbc.core.JdbcTemplate               : Executing prepared SQL statement [SELECT RUNID, STARTTIME, ENDTIME, STATUS, CARDSPROCESSED, AVGTIMEPERCARD, THREADCOUNT, BATCHSIZE, ERRORCOUNT, ERRORMESSAGE FROM MD_ENGINE_EXECUTION_LOG WHERE 1=1 ORDER BY STARTTIME ASC OFFSET ? ROWS FETCH NEXT ? ROWS ONLY]
2026-06-17T13:54:36.007+05:30 DEBUG 16148 --- [recarding-dashboard-backend] [           main] o.s.jdbc.datasource.DataSourceUtils      : Fetching JDBC Connection from DataSource
]]></system-out>
  </testcase>
  <testcase name="testGetEngineStatus_ReturnsBothEngines" classname="com.dfcc.dashboard.repository.DashboardRepositoryTest" time="0.028">
    <system-out><![CDATA[2026-06-17T13:54:36.019+05:30 DEBUG 16148 --- [recarding-dashboard-backend] [           main] o.s.jdbc.core.JdbcTemplate               : Executing prepared SQL query
2026-06-17T13:54:36.020+05:30 DEBUG 16148 --- [recarding-dashboard-backend] [           main] o.s.jdbc.core.JdbcTemplate               : Executing prepared SQL statement [SELECT ENGINEID, ENGINESTATUS, LASTEXECUTIONTIME, NEXTSCHEDULEDRUNTIME, CARDSPROCESSEDPERRUN, AVGPROCESSINGTIMEPERCARD, THREADSRUNPARALLEL, BATCHSIZE, PERIOD FROM MD_ENGINE_CONFIGURATIONS ORDER BY ENGINEID]
2026-06-17T13:54:36.020+05:30 DEBUG 16148 --- [recarding-dashboard-backend] [           main] o.s.jdbc.datasource.DataSourceUtils      : Fetching JDBC Connection from DataSource
]]></system-out>
  </testcase>
  <testcase name="testGetEngineHistory_DurationComputed" classname="com.dfcc.dashboard.repository.DashboardRepositoryTest" time="0.023">
    <system-out><![CDATA[2026-06-17T13:54:36.056+05:30 DEBUG 16148 --- [recarding-dashboard-backend] [           main] o.s.jdbc.core.JdbcTemplate               : Executing prepared SQL query
2026-06-17T13:54:36.056+05:30 DEBUG 16148 --- [recarding-dashboard-backend] [           main] o.s.jdbc.core.JdbcTemplate               : Executing prepared SQL statement [SELECT COUNT(*) FROM MD_ENGINE_EXECUTION_LOG WHERE 1=1 ]
2026-06-17T13:54:36.056+05:30 DEBUG 16148 --- [recarding-dashboard-backend] [           main] o.s.jdbc.datasource.DataSourceUtils      : Fetching JDBC Connection from DataSource
2026-06-17T13:54:36.058+05:30 DEBUG 16148 --- [recarding-dashboard-backend] [           main] o.s.jdbc.core.JdbcTemplate               : Executing prepared SQL query
2026-06-17T13:54:36.061+05:30 DEBUG 16148 --- [recarding-dashboard-backend] [           main] o.s.jdbc.core.JdbcTemplate               : Executing prepared SQL statement [SELECT RUNID, STARTTIME, ENDTIME, STATUS, CARDSPROCESSED, AVGTIMEPERCARD, THREADCOUNT, BATCHSIZE, ERRORCOUNT, ERRORMESSAGE FROM MD_ENGINE_EXECUTION_LOG WHERE 1=1 ORDER BY STARTTIME DESC OFFSET ? ROWS FETCH NEXT ? ROWS ONLY]
2026-06-17T13:54:36.061+05:30 DEBUG 16148 --- [recarding-dashboard-backend] [           main] o.s.jdbc.datasource.DataSourceUtils      : Fetching JDBC Connection from DataSource
]]></system-out>
  </testcase>
</testsuite>