<?xml version="1.0" encoding="UTF-8"?>
<testsuite xmlns:xsi="http://www.w3.org/2001/XMLSchema-instance" xsi:noNamespaceSchemaLocation="https://maven.apache.org/surefire/maven-surefire-plugin/xsd/surefire-test-report-3.0.xsd" version="3.0" name="com.dfcc.dashboard.controller.DashboardControllerTest" time="16.457" tests="6" errors="0" skipped="0" failures="0">
  <properties>
[...]
</properties>
  <testcase name="testPublicDashboardAccess" classname="com.dfcc.dashboard.controller.DashboardControllerTest" time="2.921">
    <system-out><![CDATA[10:04:29.290 [main] INFO org.springframework.test.context.support.AnnotationConfigContextLoaderUtils -- Could not detect default configuration classes for test class [com.dfcc.dashboard.controller.DashboardControllerTest]: DashboardControllerTest does not declare any static, non-private, non-final, nested classes annotated with @Configuration.
10:04:29.571 [main] INFO org.springframework.boot.test.context.SpringBootTestContextBootstrapper -- Found @SpringBootConfiguration com.dfcc.dashboard.DashboardApplication for test class com.dfcc.dashboard.controller.DashboardControllerTest
  .   ____          _            __ _ _
 /\\ / ___'_ __ _ _(_)_ __  __ _ \ \ \ \
( ( )\___ | '_ | '_| | '_ \/ _` | \ \ \ \
 \\/  ___)| |_)| | | | | || (_| |  ) ) ) )
  '  |____| .__|_| |_|_| |_\__, | / / / /
 =========|_|==============|___/=/_/_/_/

 :: Spring Boot ::                (v3.3.0)

2026-06-18T10:04:30.606+05:30  INFO 18860 --- [recarding-dashboard-backend] [           main] c.d.d.c.DashboardControllerTest          : Starting DashboardControllerTest using Java 17.0.12 with PID 18860 (started by sathya_r in D:\DFCC-sathya\dashboard\backend)
2026-06-18T10:04:30.607+05:30 DEBUG 18860 --- [recarding-dashboard-backend] [           main] c.d.d.c.DashboardControllerTest          : Running with Spring Boot v3.3.0, Spring v6.1.8
2026-06-18T10:04:30.608+05:30  INFO 18860 --- [recarding-dashboard-backend] [           main] c.d.d.c.DashboardControllerTest          : The following 1 profile is active: "test"
2026-06-18T10:04:33.612+05:30 DEBUG 18860 --- [recarding-dashboard-backend] [           main] o.s.jdbc.datasource.DataSourceUtils      : Fetching JDBC Connection from DataSource
2026-06-18T10:04:33.613+05:30  INFO 18860 --- [recarding-dashboard-backend] [           main] com.zaxxer.hikari.HikariDataSource       : RecardingDashboardHikariCP - Starting...
2026-06-18T10:04:34.832+05:30  INFO 18860 --- [recarding-dashboard-backend] [           main] com.zaxxer.hikari.pool.HikariPool        : RecardingDashboardHikariCP - Added connection conn0: url=jdbc:h2:mem:ctrldb user=SA
2026-06-18T10:04:34.835+05:30  INFO 18860 --- [recarding-dashboard-backend] [           main] com.zaxxer.hikari.HikariDataSource       : RecardingDashboardHikariCP - Start completed.
2026-06-18T10:04:34.842+05:30 DEBUG 18860 --- [recarding-dashboard-backend] [           main] o.s.jdbc.datasource.init.ScriptUtils     : Executing SQL script from class path resource [db/test-schema.sql]
2026-06-18T10:04:35.064+05:30 DEBUG 18860 --- [recarding-dashboard-backend] [           main] o.s.jdbc.datasource.init.ScriptUtils     : 0 returned as update count for SQL: CREATE TABLE IF NOT EXISTS CARD ( CARDNUMBER VARCHAR2(20) NOT NULL, MAINCARDNO VARCHAR2(20), CARDTYPE VARCHAR2(20), CARDPRODUCT VARCHAR2(20), CARDSTATUS VARCHAR2(20), MGRFLAG NUMBER NOT NULL, LASTUPDATEDTIME TIMESTAMP NOT NULL, CREATEDTIME TIMESTAMP NOT NULL, APPLICATIONID VARCHAR2(12), CONSTRAINT PK_CARD PRIMARY KEY (CARDNUMBER) )
2026-06-18T10:04:35.128+05:30 DEBUG 18860 --- [recarding-dashboard-backend] [           main] o.s.jdbc.datasource.init.ScriptUtils     : 0 returned as update count for SQL: CREATE TABLE IF NOT EXISTS RECARDREQUEST ( REQUESTID VARCHAR2(38) NOT NULL, REQUESTEDCARD VARCHAR2(20), CARDNUMBER VARCHAR2(20), MAINCARDNUMBER VARCHAR2(20), ISPRIMARY VARCHAR2(10) NOT NULL, CARDCATEGORY VARCHAR2(10), CUSTOMERID VARCHAR2(20), APPLICATIONID VARCHAR2(15), ACCOUNTNUMBER VARCHAR2(15), REQUESTREASONCODE VARCHAR2(6), STATUS VARCHAR2(16), PRIORITYLEVEL VARCHAR2(20), RENEWCONFIRMATION VARCHAR2(3), REMARKS VARCHAR2(276), REJECTREMARK VARCHAR2(255), REQUESTEDUSER VARCHAR2(32), APPROVEDUSER VARCHAR2(32), LASTUPDATEDUSER VARCHAR2(20) NOT NULL, CREATEDTIME TIMESTAMP, LASTUPDATEDTIME TIMESTAMP NOT NULL, CALLLOGID VARCHAR2(12), ISMIGRATED VARCHAR2(20), ASSIGNUSER VARCHAR2(32), BULKID VARCHAR2(60), CONSTRAINT PK_RECARDREQUEST PRIMARY KEY (REQUESTID) )
2026-06-18T10:04:35.137+05:30 DEBUG 18860 --- [recarding-dashboard-backend] [           main] o.s.jdbc.datasource.init.ScriptUtils     : 0 returned as update count for SQL: CREATE TABLE IF NOT EXISTS MD_ENGINE_CONFIGURATIONS ( ENGINEID VARCHAR2(20) NOT NULL, ENGINESTATUS NUMBER(1) NOT NULL, LASTEXECUTIONTIME TIMESTAMP, NEXTSCHEDULEDRUNTIME TIMESTAMP, CARDSPROCESSEDPERRUN NUMBER, AVGPROCESSINGTIMEPERCARD NUMBER, THREADSRUNPARALLEL NUMBER, BATCHSIZE NUMBER, PERIOD VARCHAR2(20), LASTUPDATEDTIME TIMESTAMP NOT NULL, CONSTRAINT PK_MD_ENGINE_CONFIGURATIONS PRIMARY KEY (ENGINEID) )
2026-06-18T10:04:35.150+05:30 DEBUG 18860 --- [recarding-dashboard-backend] [           main] o.s.jdbc.datasource.init.ScriptUtils     : 0 returned as update count for SQL: CREATE TABLE IF NOT EXISTS MD_ENGINE_EXECUTION_LOG ( RUNID VARCHAR2(20) NOT NULL, STARTTIME TIMESTAMP NOT NULL, ENDTIME TIMESTAMP, STATUS VARCHAR2(16) NOT NULL, CARDSPROCESSED NUMBER, AVGTIMEPERCARD NUMBER, THREADCOUNT NUMBER, BATCHSIZE NUMBER, ERRORCOUNT NUMBER DEFAULT 0, ERRORMESSAGE VARCHAR2(500), CONSTRAINT PK_MD_ENGINE_EXECUTION_LOG PRIMARY KEY (RUNID) )
2026-06-18T10:04:35.166+05:30 DEBUG 18860 --- [recarding-dashboard-backend] [           main] o.s.jdbc.datasource.init.ScriptUtils     : Executed SQL script from class path resource [db/test-schema.sql] in 310 ms.
2026-06-18T10:04:35.185+05:30 DEBUG 18860 --- [recarding-dashboard-backend] [           main] o.s.jdbc.datasource.DataSourceUtils      : Fetching JDBC Connection from DataSource
2026-06-18T10:04:35.186+05:30 DEBUG 18860 --- [recarding-dashboard-backend] [           main] o.s.jdbc.datasource.init.ScriptUtils     : Executing SQL script from class path resource [db/test-data.sql]
2026-06-18T10:04:35.336+05:30 DEBUG 18860 --- [recarding-dashboard-backend] [           main] o.s.jdbc.datasource.init.ScriptUtils     : 1 returned as update count for SQL: INSERT INTO CARD (CARDNUMBER, MAINCARDNO, CARDTYPE, CARDPRODUCT, CARDSTATUS, MGRFLAG, LASTUPDATEDTIME, CREATEDTIME, APPLICATIONID) VALUES ('411111XXXXXX1001', NULL, 'PRIMARY', 'Visa Gold', 'CACT', 0, TIMESTAMP '2026-06-10 09:00:00', TIMESTAMP '2025-01-15 10:00:00', 'APP000000001')
2026-06-18T10:04:35.338+05:30 DEBUG 18860 --- [recarding-dashboard-backend] [           main] o.s.jdbc.datasource.init.ScriptUtils     : 1 returned as update count for SQL: INSERT INTO CARD (CARDNUMBER, MAINCARDNO, CARDTYPE, CARDPRODUCT, CARDSTATUS, MGRFLAG, LASTUPDATEDTIME, CREATEDTIME, APPLICATIONID) VALUES ('411111XXXXXX1002', NULL, 'PRIMARY', 'Visa Platinum', 'CACT', 0, TIMESTAMP '2026-06-11 09:00:00', TIMESTAMP '2025-02-15 10:00:00', 'APP000000002')
2026-06-18T10:04:35.340+05:30 DEBUG 18860 --- [recarding-dashboard-backend] [           main] o.s.jdbc.datasource.init.ScriptUtils     : 1 returned as update count for SQL: INSERT INTO CARD (CARDNUMBER, MAINCARDNO, CARDTYPE, CARDPRODUCT, CARDSTATUS, MGRFLAG, LASTUPDATEDTIME, CREATEDTIME, APPLICATIONID) VALUES ('411111XXXXXX1003', NULL, 'PRIMARY', 'Mastercard Gold', 'CACT', 1, TIMESTAMP '2026-06-12 10:00:00', TIMESTAMP '2025-03-20 11:30:00', 'APP000000003')
2026-06-18T10:04:35.343+05:30 DEBUG 18860 --- [recarding-dashboard-backend] [           main] o.s.jdbc.datasource.init.ScriptUtils     : 1 returned as update count for SQL: INSERT INTO CARD (CARDNUMBER, MAINCARDNO, CARDTYPE, CARDPRODUCT, CARDSTATUS, MGRFLAG, LASTUPDATEDTIME, CREATEDTIME, APPLICATIONID) VALUES ('411111XXXXXX1005', NULL, 'PRIMARY', 'Visa Gold', 'CACT', 2, TIMESTAMP '2026-06-15 14:00:00', TIMESTAMP '2025-05-12 09:00:00', 'APP000000005')
2026-06-18T10:04:35.344+05:30 DEBUG 18860 --- [recarding-dashboard-backend] [           main] o.s.jdbc.datasource.init.ScriptUtils     : 1 returned as update count for SQL: INSERT INTO CARD (CARDNUMBER, MAINCARDNO, CARDTYPE, CARDPRODUCT, CARDSTATUS, MGRFLAG, LASTUPDATEDTIME, CREATEDTIME, APPLICATIONID) VALUES ('411111XXXXXX1008', NULL, 'PRIMARY', 'Mastercard Platinum', 'CACT', 3, TIMESTAMP '2026-06-16 11:00:00', TIMESTAMP '2025-08-14 16:00:00', 'APP000000008')
2026-06-18T10:04:35.348+05:30 DEBUG 18860 --- [recarding-dashboard-backend] [           main] o.s.jdbc.datasource.init.ScriptUtils     : 1 returned as update count for SQL: INSERT INTO CARD (CARDNUMBER, MAINCARDNO, CARDTYPE, CARDPRODUCT, CARDSTATUS, MGRFLAG, LASTUPDATEDTIME, CREATEDTIME, APPLICATIONID) VALUES ('411111XXXXXX1011', NULL, 'PRIMARY', 'Mastercard Gold', 'CACT', 4, TIMESTAMP '2026-06-15 14:22:00', TIMESTAMP '2025-10-02 08:30:00', 'APP000000011')
2026-06-18T10:04:35.350+05:30 DEBUG 18860 --- [recarding-dashboard-backend] [           main] o.s.jdbc.datasource.init.ScriptUtils     : 1 returned as update count for SQL: INSERT INTO RECARDREQUEST (REQUESTID, REQUESTEDCARD, CARDNUMBER, MAINCARDNUMBER, ISPRIMARY, CARDCATEGORY, CUSTOMERID, APPLICATIONID, ACCOUNTNUMBER, REQUESTREASONCODE, STATUS, PRIORITYLEVEL, RENEWCONFIRMATION, REMARKS, REJECTREMARK, REQUESTEDUSER, APPROVEDUSER, LASTUPDATEDUSER, CREATEDTIME, LASTUPDATEDTIME, CALLLOGID, ISMIGRATED, ASSIGNUSER, BULKID) VALUES ('REQ000000000000001', '411111XXXXXX1005', '411111XXXXXX1005', '411111XXXXXX1005', 'TRUE', 'CAT1', 'CUST003', 'APP000000005', 'ACT003', 'CR01', 'PENDING', 'HIGH', 'YES', 'Lost card', NULL, 'teller_01', 'mgr_02', 'system_batch', TIMESTAMP '2026-06-15 14:00:00', TIMESTAMP '2026-06-15 14:00:00', 'CALL003', 'N', NULL, NULL)
2026-06-18T10:04:35.351+05:30 DEBUG 18860 --- [recarding-dashboard-backend] [           main] o.s.jdbc.datasource.init.ScriptUtils     : 1 returned as update count for SQL: INSERT INTO RECARDREQUEST (REQUESTID, REQUESTEDCARD, CARDNUMBER, MAINCARDNUMBER, ISPRIMARY, CARDCATEGORY, CUSTOMERID, APPLICATIONID, ACCOUNTNUMBER, REQUESTREASONCODE, STATUS, PRIORITYLEVEL, RENEWCONFIRMATION, REMARKS, REJECTREMARK, REQUESTEDUSER, APPROVEDUSER, LASTUPDATEDUSER, CREATEDTIME, LASTUPDATEDTIME, CALLLOGID, ISMIGRATED, ASSIGNUSER, BULKID) VALUES ('REQ000000000000002', '411111XXXXXX1008', '411111XXXXXX1008', '411111XXXXXX1008', 'TRUE', 'CAT1', 'CUST006', 'APP000000008', 'ACT006', 'PC02', 'COMPLETED', 'NORMAL', 'YES', 'Upgrade', NULL, 'system', 'mgr_01', 'system_batch', TIMESTAMP '2026-06-16 11:00:00', TIMESTAMP '2026-06-16 11:00:00', 'CALL006', 'Y', NULL, NULL)
2026-06-18T10:04:35.353+05:30 DEBUG 18860 --- [recarding-dashboard-backend] [           main] o.s.jdbc.datasource.init.ScriptUtils     : 1 returned as update count for SQL: INSERT INTO RECARDREQUEST (REQUESTID, REQUESTEDCARD, CARDNUMBER, MAINCARDNUMBER, ISPRIMARY, CARDCATEGORY, CUSTOMERID, APPLICATIONID, ACCOUNTNUMBER, REQUESTREASONCODE, STATUS, PRIORITYLEVEL, RENEWCONFIRMATION, REMARKS, REJECTREMARK, REQUESTEDUSER, APPROVEDUSER, LASTUPDATEDUSER, CREATEDTIME, LASTUPDATEDTIME, CALLLOGID, ISMIGRATED, ASSIGNUSER, BULKID) VALUES ('REQ000000000000003', '411111XXXXXX1011', '411111XXXXXX1011', '411111XXXXXX1011', 'TRUE', 'CAT1', 'CUST009', 'APP000000011', 'ACT009', 'CR01', 'FAILED', 'HIGH', 'NO', 'Failed attempt', 'Customer KYC mismatch', 'teller_01', 'mgr_01', 'system_batch', TIMESTAMP '2026-06-15 14:22:00', TIMESTAMP '2026-06-15 14:22:00', 'CALL009', 'N', NULL, NULL)
2026-06-18T10:04:35.356+05:30 DEBUG 18860 --- [recarding-dashboard-backend] [           main] o.s.jdbc.datasource.init.ScriptUtils     : 1 returned as update count for SQL: INSERT INTO MD_ENGINE_CONFIGURATIONS (ENGINEID, ENGINESTATUS, LASTEXECUTIONTIME, NEXTSCHEDULEDRUNTIME, CARDSPROCESSEDPERRUN, AVGPROCESSINGTIMEPERCARD, THREADSRUNPARALLEL, BATCHSIZE, PERIOD, LASTUPDATEDTIME) VALUES ('MSE-01', 1, TIMESTAMP '2026-06-16 10:30:00', TIMESTAMP '2026-06-16 10:45:00', 500, 0.85, 10, 500, '10:30-10:45', TIMESTAMP '2026-06-16 10:30:00')
2026-06-18T10:04:35.358+05:30 DEBUG 18860 --- [recarding-dashboard-backend] [           main] o.s.jdbc.datasource.init.ScriptUtils     : 1 returned as update count for SQL: INSERT INTO MD_ENGINE_CONFIGURATIONS (ENGINEID, ENGINESTATUS, LASTEXECUTIONTIME, NEXTSCHEDULEDRUNTIME, CARDSPROCESSEDPERRUN, AVGPROCESSINGTIMEPERCARD, THREADSRUNPARALLEL, BATCHSIZE, PERIOD, LASTUPDATEDTIME) VALUES ('MSE-02', 0, TIMESTAMP '2026-06-16 10:00:00', TIMESTAMP '2026-06-16 11:00:00', 250, 1.12, 4, 250, '10:00-10:15', TIMESTAMP '2026-06-16 10:00:00')
2026-06-18T10:04:35.359+05:30 DEBUG 18860 --- [recarding-dashboard-backend] [           main] o.s.jdbc.datasource.init.ScriptUtils     : 1 returned as update count for SQL: INSERT INTO MD_ENGINE_EXECUTION_LOG (RUNID, STARTTIME, ENDTIME, STATUS, CARDSPROCESSED, AVGTIMEPERCARD, THREADCOUNT, BATCHSIZE, ERRORCOUNT, ERRORMESSAGE) VALUES ('RUN-20260616-01', TIMESTAMP '2026-06-16 10:30:00', TIMESTAMP '2026-06-16 10:31:30', 'SUCCESS', 500, 0.85, 10, 500, 0, NULL)
2026-06-18T10:04:35.361+05:30 DEBUG 18860 --- [recarding-dashboard-backend] [           main] o.s.jdbc.datasource.init.ScriptUtils     : 1 returned as update count for SQL: INSERT INTO MD_ENGINE_EXECUTION_LOG (RUNID, STARTTIME, ENDTIME, STATUS, CARDSPROCESSED, AVGTIMEPERCARD, THREADCOUNT, BATCHSIZE, ERRORCOUNT, ERRORMESSAGE) VALUES ('RUN-20260616-02', TIMESTAMP '2026-06-16 10:15:00', TIMESTAMP '2026-06-16 10:16:40', 'SUCCESS', 480, 0.82, 10, 500, 0, NULL)
2026-06-18T10:04:35.362+05:30 DEBUG 18860 --- [recarding-dashboard-backend] [           main] o.s.jdbc.datasource.init.ScriptUtils     : 1 returned as update count for SQL: INSERT INTO MD_ENGINE_EXECUTION_LOG (RUNID, STARTTIME, ENDTIME, STATUS, CARDSPROCESSED, AVGTIMEPERCARD, THREADCOUNT, BATCHSIZE, ERRORCOUNT, ERRORMESSAGE) VALUES ('RUN-20260616-03', TIMESTAMP '2026-06-16 10:00:00', TIMESTAMP '2026-06-16 10:02:10', 'FAILED', 250, 1.12, 4, 250, 12, 'Oracle connection pool exhausted')
2026-06-18T10:04:35.395+05:30 DEBUG 18860 --- [recarding-dashboard-backend] [           main] o.s.jdbc.datasource.init.ScriptUtils     : 1 returned as update count for SQL: INSERT INTO MD_ENGINE_EXECUTION_LOG (RUNID, STARTTIME, ENDTIME, STATUS, CARDSPROCESSED, AVGTIMEPERCARD, THREADCOUNT, BATCHSIZE, ERRORCOUNT, ERRORMESSAGE) VALUES ('RUN-20260616-04', TIMESTAMP '2026-06-16 09:45:00', TIMESTAMP '2026-06-16 09:46:20', 'SUCCESS', 500, 0.88, 10, 500, 0, NULL)
2026-06-18T10:04:35.398+05:30 DEBUG 18860 --- [recarding-dashboard-backend] [           main] o.s.jdbc.datasource.init.ScriptUtils     : 1 returned as update count for SQL: INSERT INTO MD_ENGINE_EXECUTION_LOG (RUNID, STARTTIME, ENDTIME, STATUS, CARDSPROCESSED, AVGTIMEPERCARD, THREADCOUNT, BATCHSIZE, ERRORCOUNT, ERRORMESSAGE) VALUES ('RUN-20260616-05', TIMESTAMP '2026-06-16 09:30:00', TIMESTAMP '2026-06-16 09:31:15', 'SUCCESS', 450, 0.90, 8, 500, 0, NULL)
2026-06-18T10:04:35.399+05:30 DEBUG 18860 --- [recarding-dashboard-backend] [           main] o.s.jdbc.datasource.init.ScriptUtils     : 1 returned as update count for SQL: INSERT INTO MD_ENGINE_EXECUTION_LOG (RUNID, STARTTIME, ENDTIME, STATUS, CARDSPROCESSED, AVGTIMEPERCARD, THREADCOUNT, BATCHSIZE, ERRORCOUNT, ERRORMESSAGE) VALUES ('RUN-20260616-06', TIMESTAMP '2026-06-16 09:15:00', TIMESTAMP '2026-06-16 09:16:30', 'SUCCESS', 500, 0.84, 10, 500, 0, NULL)
2026-06-18T10:04:35.403+05:30 DEBUG 18860 --- [recarding-dashboard-backend] [           main] o.s.jdbc.datasource.init.ScriptUtils     : 1 returned as update count for SQL: INSERT INTO MD_ENGINE_EXECUTION_LOG (RUNID, STARTTIME, ENDTIME, STATUS, CARDSPROCESSED, AVGTIMEPERCARD, THREADCOUNT, BATCHSIZE, ERRORCOUNT, ERRORMESSAGE) VALUES ('RUN-20260616-07', TIMESTAMP '2026-06-16 09:00:00', TIMESTAMP '2026-06-16 09:01:25', 'SUCCESS', 490, 0.87, 10, 500, 0, NULL)
2026-06-18T10:04:35.406+05:30 DEBUG 18860 --- [recarding-dashboard-backend] [           main] o.s.jdbc.datasource.init.ScriptUtils     : 1 returned as update count for SQL: INSERT INTO MD_ENGINE_EXECUTION_LOG (RUNID, STARTTIME, ENDTIME, STATUS, CARDSPROCESSED, AVGTIMEPERCARD, THREADCOUNT, BATCHSIZE, ERRORCOUNT, ERRORMESSAGE) VALUES ('RUN-20260616-08', TIMESTAMP '2026-06-16 08:45:00', TIMESTAMP '2026-06-16 08:46:18', 'SUCCESS', 500, 0.83, 10, 500, 0, NULL)
2026-06-18T10:04:35.410+05:30 DEBUG 18860 --- [recarding-dashboard-backend] [           main] o.s.jdbc.datasource.init.ScriptUtils     : 1 returned as update count for SQL: INSERT INTO MD_ENGINE_EXECUTION_LOG (RUNID, STARTTIME, ENDTIME, STATUS, CARDSPROCESSED, AVGTIMEPERCARD, THREADCOUNT, BATCHSIZE, ERRORCOUNT, ERRORMESSAGE) VALUES ('RUN-20260616-09', TIMESTAMP '2026-06-16 08:30:00', TIMESTAMP '2026-06-16 08:31:10', 'SUCCESS', 400, 0.92, 8, 500, 0, NULL)
2026-06-18T10:04:35.426+05:30 DEBUG 18860 --- [recarding-dashboard-backend] [           main] o.s.jdbc.datasource.init.ScriptUtils     : 1 returned as update count for SQL: INSERT INTO MD_ENGINE_EXECUTION_LOG (RUNID, STARTTIME, ENDTIME, STATUS, CARDSPROCESSED, AVGTIMEPERCARD, THREADCOUNT, BATCHSIZE, ERRORCOUNT, ERRORMESSAGE) VALUES ('RUN-20260616-10', TIMESTAMP '2026-06-16 08:15:00', TIMESTAMP '2026-06-16 08:16:30', 'SUCCESS', 500, 0.86, 10, 500, 0, NULL)
2026-06-18T10:04:35.427+05:30 DEBUG 18860 --- [recarding-dashboard-backend] [           main] o.s.jdbc.datasource.init.ScriptUtils     : 1 returned as update count for SQL: INSERT INTO MD_ENGINE_EXECUTION_LOG (RUNID, STARTTIME, ENDTIME, STATUS, CARDSPROCESSED, AVGTIMEPERCARD, THREADCOUNT, BATCHSIZE, ERRORCOUNT, ERRORMESSAGE) VALUES ('RUN-20260616-11', TIMESTAMP '2026-06-16 08:00:00', TIMESTAMP '2026-06-16 08:01:22', 'SUCCESS', 485, 0.88, 10, 500, 0, NULL)
2026-06-18T10:04:35.429+05:30 DEBUG 18860 --- [recarding-dashboard-backend] [           main] o.s.jdbc.datasource.init.ScriptUtils     : 1 returned as update count for SQL: INSERT INTO MD_ENGINE_EXECUTION_LOG (RUNID, STARTTIME, ENDTIME, STATUS, CARDSPROCESSED, AVGTIMEPERCARD, THREADCOUNT, BATCHSIZE, ERRORCOUNT, ERRORMESSAGE) VALUES ('RUN-20260616-12', TIMESTAMP '2026-06-16 07:45:00', TIMESTAMP '2026-06-16 07:46:15', 'SUCCESS', 500, 0.85, 10, 500, 0, NULL)
2026-06-18T10:04:35.438+05:30 DEBUG 18860 --- [recarding-dashboard-backend] [           main] o.s.jdbc.datasource.init.ScriptUtils     : 1 returned as update count for SQL: INSERT INTO MD_ENGINE_EXECUTION_LOG (RUNID, STARTTIME, ENDTIME, STATUS, CARDSPROCESSED, AVGTIMEPERCARD, THREADCOUNT, BATCHSIZE, ERRORCOUNT, ERRORMESSAGE) VALUES ('RUN-20260616-13', TIMESTAMP '2026-06-16 07:30:00', TIMESTAMP '2026-06-16 07:31:10', 'SUCCESS', 420, 0.91, 8, 500, 0, NULL)
2026-06-18T10:04:35.441+05:30 DEBUG 18860 --- [recarding-dashboard-backend] [           main] o.s.jdbc.datasource.init.ScriptUtils     : 1 returned as update count for SQL: INSERT INTO MD_ENGINE_EXECUTION_LOG (RUNID, STARTTIME, ENDTIME, STATUS, CARDSPROCESSED, AVGTIMEPERCARD, THREADCOUNT, BATCHSIZE, ERRORCOUNT, ERRORMESSAGE) VALUES ('RUN-20260616-14', TIMESTAMP '2026-06-16 07:15:00', TIMESTAMP '2026-06-16 07:16:32', 'SUCCESS', 500, 0.85, 10, 500, 0, NULL)
2026-06-18T10:04:35.442+05:30 DEBUG 18860 --- [recarding-dashboard-backend] [           main] o.s.jdbc.datasource.init.ScriptUtils     : 1 returned as update count for SQL: INSERT INTO MD_ENGINE_EXECUTION_LOG (RUNID, STARTTIME, ENDTIME, STATUS, CARDSPROCESSED, AVGTIMEPERCARD, THREADCOUNT, BATCHSIZE, ERRORCOUNT, ERRORMESSAGE) VALUES ('RUN-20260616-15', TIMESTAMP '2026-06-16 07:00:00', TIMESTAMP '2026-06-16 07:01:25', 'SUCCESS', 495, 0.89, 10, 500, 0, NULL)
2026-06-18T10:04:35.447+05:30 DEBUG 18860 --- [recarding-dashboard-backend] [           main] o.s.jdbc.datasource.init.ScriptUtils     : 1 returned as update count for SQL: INSERT INTO MD_ENGINE_EXECUTION_LOG (RUNID, STARTTIME, ENDTIME, STATUS, CARDSPROCESSED, AVGTIMEPERCARD, THREADCOUNT, BATCHSIZE, ERRORCOUNT, ERRORMESSAGE) VALUES ('RUN-20260616-16', TIMESTAMP '2026-06-16 06:45:00', TIMESTAMP '2026-06-16 06:46:18', 'SUCCESS', 500, 0.84, 10, 500, 0, NULL)
2026-06-18T10:04:35.449+05:30 DEBUG 18860 --- [recarding-dashboard-backend] [           main] o.s.jdbc.datasource.init.ScriptUtils     : 1 returned as update count for SQL: INSERT INTO MD_ENGINE_EXECUTION_LOG (RUNID, STARTTIME, ENDTIME, STATUS, CARDSPROCESSED, AVGTIMEPERCARD, THREADCOUNT, BATCHSIZE, ERRORCOUNT, ERRORMESSAGE) VALUES ('RUN-20260616-17', TIMESTAMP '2026-06-16 06:30:00', TIMESTAMP '2026-06-16 06:31:10', 'SUCCESS', 390, 0.94, 8, 500, 0, NULL)
2026-06-18T10:04:35.455+05:30 DEBUG 18860 --- [recarding-dashboard-backend] [           main] o.s.jdbc.datasource.init.ScriptUtils     : 1 returned as update count for SQL: INSERT INTO MD_ENGINE_EXECUTION_LOG (RUNID, STARTTIME, ENDTIME, STATUS, CARDSPROCESSED, AVGTIMEPERCARD, THREADCOUNT, BATCHSIZE, ERRORCOUNT, ERRORMESSAGE) VALUES ('RUN-20260616-18', TIMESTAMP '2026-06-16 06:15:00', TIMESTAMP '2026-06-16 06:16:30', 'SUCCESS', 500, 0.85, 10, 500, 0, NULL)
2026-06-18T10:04:35.457+05:30 DEBUG 18860 --- [recarding-dashboard-backend] [           main] o.s.jdbc.datasource.init.ScriptUtils     : 1 returned as update count for SQL: INSERT INTO MD_ENGINE_EXECUTION_LOG (RUNID, STARTTIME, ENDTIME, STATUS, CARDSPROCESSED, AVGTIMEPERCARD, THREADCOUNT, BATCHSIZE, ERRORCOUNT, ERRORMESSAGE) VALUES ('RUN-20260616-19', TIMESTAMP '2026-06-16 06:00:00', TIMESTAMP '2026-06-16 06:01:20', 'SUCCESS', 480, 0.90, 10, 500, 0, NULL)
2026-06-18T10:04:35.458+05:30 DEBUG 18860 --- [recarding-dashboard-backend] [           main] o.s.jdbc.datasource.init.ScriptUtils     : 1 returned as update count for SQL: INSERT INTO MD_ENGINE_EXECUTION_LOG (RUNID, STARTTIME, ENDTIME, STATUS, CARDSPROCESSED, AVGTIMEPERCARD, THREADCOUNT, BATCHSIZE, ERRORCOUNT, ERRORMESSAGE) VALUES ('RUN-20260616-20', TIMESTAMP '2026-06-16 05:45:00', TIMESTAMP '2026-06-16 05:46:15', 'SUCCESS', 500, 0.83, 10, 500, 0, NULL)
2026-06-18T10:04:35.459+05:30 DEBUG 18860 --- [recarding-dashboard-backend] [           main] o.s.jdbc.datasource.init.ScriptUtils     : 1 returned as update count for SQL: INSERT INTO MD_ENGINE_EXECUTION_LOG (RUNID, STARTTIME, ENDTIME, STATUS, CARDSPROCESSED, AVGTIMEPERCARD, THREADCOUNT, BATCHSIZE, ERRORCOUNT, ERRORMESSAGE) VALUES ('RUN-20260616-21', TIMESTAMP '2026-06-16 05:30:00', TIMESTAMP '2026-06-16 05:31:12', 'SUCCESS', 410, 0.93, 8, 500, 0, NULL)
2026-06-18T10:04:35.460+05:30 DEBUG 18860 --- [recarding-dashboard-backend] [           main] o.s.jdbc.datasource.init.ScriptUtils     : 1 returned as update count for SQL: INSERT INTO MD_ENGINE_EXECUTION_LOG (RUNID, STARTTIME, ENDTIME, STATUS, CARDSPROCESSED, AVGTIMEPERCARD, THREADCOUNT, BATCHSIZE, ERRORCOUNT, ERRORMESSAGE) VALUES ('RUN-20260616-22', TIMESTAMP '2026-06-16 05:15:00', TIMESTAMP '2026-06-16 05:16:30', 'SUCCESS', 500, 0.86, 10, 500, 0, NULL)
2026-06-18T10:04:35.461+05:30 DEBUG 18860 --- [recarding-dashboard-backend] [           main] o.s.jdbc.datasource.init.ScriptUtils     : Executed SQL script from class path resource [db/test-data.sql] in 274 ms.
2026-06-18T10:04:38.469+05:30  INFO 18860 --- [recarding-dashboard-backend] [           main] r$InitializeUserDetailsManagerConfigurer : Global AuthenticationManager configured with UserDetailsService bean with name userDetailsService
2026-06-18T10:04:40.048+05:30  INFO 18860 --- [recarding-dashboard-backend] [           main] o.s.s.web.DefaultSecurityFilterChain     : Will secure any request with [org.springframework.security.web.session.DisableEncodeUrlFilter@5203c80f, org.springframework.security.web.context.request.async.WebAsyncManagerIntegrationFilter@439f2d87, org.springframework.security.web.context.SecurityContextHolderFilter@c5e69a5, org.springframework.security.web.header.HeaderWriterFilter@5d66ae3a, org.springframework.web.filter.CorsFilter@721bf7ad, org.springframework.security.web.authentication.logout.LogoutFilter@3a38e4dc, org.springframework.security.web.authentication.UsernamePasswordAuthenticationFilter@51424203, org.springframework.security.web.savedrequest.RequestCacheAwareFilter@11e17893, org.springframework.security.web.servletapi.SecurityContextHolderAwareRequestFilter@6682e6a5, org.springframework.security.web.authentication.AnonymousAuthenticationFilter@852ef8d, org.springframework.security.web.access.ExceptionTranslationFilter@3a4e524, org.springframework.security.web.access.intercept.AuthorizationFilter@2b01c689]
2026-06-18T10:04:41.541+05:30  INFO 18860 --- [recarding-dashboard-backend] [           main] o.s.b.t.m.w.SpringBootMockServletContext : Initializing Spring TestDispatcherServlet ''
2026-06-18T10:04:41.542+05:30  INFO 18860 --- [recarding-dashboard-backend] [           main] o.s.t.web.servlet.TestDispatcherServlet  : Initializing Servlet ''
2026-06-18T10:04:41.544+05:30  INFO 18860 --- [recarding-dashboard-backend] [           main] o.s.t.web.servlet.TestDispatcherServlet  : Completed initialization in 2 ms
2026-06-18T10:04:41.615+05:30  INFO 18860 --- [recarding-dashboard-backend] [           main] c.d.d.c.DashboardControllerTest          : Started DashboardControllerTest in 11.708 seconds (process running for 14.254)
2026-06-18T10:04:44.345+05:30 DEBUG 18860 --- [recarding-dashboard-backend] [           main] o.s.jdbc.core.JdbcTemplate               : Executing prepared SQL query
2026-06-18T10:04:44.347+05:30 DEBUG 18860 --- [recarding-dashboard-backend] [           main] o.s.jdbc.core.JdbcTemplate               : Executing prepared SQL statement [SELECT c.MGRFLAG, COUNT(*) AS cnt FROM CARD c WHERE 1=1 GROUP BY c.MGRFLAG]
2026-06-18T10:04:44.348+05:30 DEBUG 18860 --- [recarding-dashboard-backend] [           main] o.s.jdbc.datasource.DataSourceUtils      : Fetching JDBC Connection from DataSource
]]></system-out>
  </testcase>
  <testcase name="testOperatorAccessEngineStatusForbidden" classname="com.dfcc.dashboard.controller.DashboardControllerTest" time="0.105"/>
  <testcase name="testAdminAccessEngineStatusAllowed" classname="com.dfcc.dashboard.controller.DashboardControllerTest" time="0.055">
    <system-out><![CDATA[2026-06-18T10:04:44.697+05:30 DEBUG 18860 --- [recarding-dashboard-backend] [           main] o.s.jdbc.core.JdbcTemplate               : Executing prepared SQL query
2026-06-18T10:04:44.697+05:30 DEBUG 18860 --- [recarding-dashboard-backend] [           main] o.s.jdbc.core.JdbcTemplate               : Executing prepared SQL statement [SELECT ENGINEID, ENGINESTATUS, LASTEXECUTIONTIME, NEXTSCHEDULEDRUNTIME, CARDSPROCESSEDPERRUN, AVGPROCESSINGTIMEPERCARD, THREADSRUNPARALLEL, BATCHSIZE, PERIOD FROM MD_ENGINE_CONFIGURATIONS ORDER BY ENGINEID]
2026-06-18T10:04:44.697+05:30 DEBUG 18860 --- [recarding-dashboard-backend] [           main] o.s.jdbc.datasource.DataSourceUtils      : Fetching JDBC Connection from DataSource
]]></system-out>
  </testcase>
  <testcase name="testValidLogin" classname="com.dfcc.dashboard.controller.DashboardControllerTest" time="0.427"/>
  <testcase name="testOperatorAccessMe" classname="com.dfcc.dashboard.controller.DashboardControllerTest" time="0.027"/>
  <testcase name="testInvalidLogin" classname="com.dfcc.dashboard.controller.DashboardControllerTest" time="0.167"/>
</testsuite>