<?xml version="1.0" encoding="UTF-8"?>
<testsuite xmlns:xsi="http://www.w3.org/2001/XMLSchema-instance" xsi:noNamespaceSchemaLocation="https://maven.apache.org/surefire/maven-surefire-plugin/xsd/surefire-test-report-3.0.xsd" version="3.0" name="com.dfcc.dashboard.repository.DashboardRepositoryTest" time="6.612" tests="16" errors="0" skipped="0" failures="0">
  <properties>
[...]
</properties>
  <testcase name="testGetMigrationFlags_WithDateRangeFilter" classname="com.dfcc.dashboard.repository.DashboardRepositoryTest" time="0.177">
    <system-out><![CDATA[2026-06-18T10:04:45.484+05:30  INFO 18860 --- [recarding-dashboard-backend] [           main] t.c.s.AnnotationConfigContextLoaderUtils : Could not detect default configuration classes for test class [com.dfcc.dashboard.repository.DashboardRepositoryTest]: DashboardRepositoryTest does not declare any static, non-private, non-final, nested classes annotated with @Configuration.
2026-06-18T10:04:45.558+05:30  INFO 18860 --- [recarding-dashboard-backend] [           main] .b.t.c.SpringBootTestContextBootstrapper : Found @SpringBootConfiguration com.dfcc.dashboard.DashboardApplication for test class com.dfcc.dashboard.repository.DashboardRepositoryTest
  .   ____          _            __ _ _
 /\\ / ___'_ __ _ _(_)_ __  __ _ \ \ \ \
( ( )\___ | '_ | '_| | '_ \/ _` | \ \ \ \
 \\/  ___)| |_)| | | | | || (_| |  ) ) ) )
  '  |____| .__|_| |_|_| |_\__, | / / / /
 =========|_|==============|___/=/_/_/_/

 :: Spring Boot ::                (v3.3.0)

2026-06-18T10:04:45.741+05:30  INFO 18860 --- [recarding-dashboard-backend] [           main] c.d.d.r.DashboardRepositoryTest          : Starting DashboardRepositoryTest using Java 17.0.12 with PID 18860 (started by sathya_r in D:\DFCC-sathya\dashboard\backend)
2026-06-18T10:04:45.750+05:30 DEBUG 18860 --- [recarding-dashboard-backend] [           main] c.d.d.r.DashboardRepositoryTest          : Running with Spring Boot v3.3.0, Spring v6.1.8
2026-06-18T10:04:45.762+05:30  INFO 18860 --- [recarding-dashboard-backend] [           main] c.d.d.r.DashboardRepositoryTest          : The following 1 profile is active: "test"
2026-06-18T10:04:48.061+05:30  INFO 18860 --- [recarding-dashboard-backend] [           main] r$InitializeUserDetailsManagerConfigurer : Global AuthenticationManager configured with UserDetailsService bean with name userDetailsService
2026-06-18T10:04:49.254+05:30  INFO 18860 --- [recarding-dashboard-backend] [           main] o.s.s.web.DefaultSecurityFilterChain     : Will secure any request with [org.springframework.security.web.session.DisableEncodeUrlFilter@55315a00, org.springframework.security.web.context.request.async.WebAsyncManagerIntegrationFilter@4942e6af, org.springframework.security.web.context.SecurityContextHolderFilter@700202fa, org.springframework.security.web.header.HeaderWriterFilter@495f7ca4, org.springframework.web.filter.CorsFilter@73a1a1b4, org.springframework.security.web.authentication.logout.LogoutFilter@3794b7b1, org.springframework.security.web.authentication.UsernamePasswordAuthenticationFilter@470a446f, org.springframework.security.web.savedrequest.RequestCacheAwareFilter@141234df, org.springframework.security.web.servletapi.SecurityContextHolderAwareRequestFilter@65698020, org.springframework.security.web.authentication.AnonymousAuthenticationFilter@669daa93, org.springframework.security.web.access.ExceptionTranslationFilter@102c24d1, org.springframework.security.web.access.intercept.AuthorizationFilter@1be427b4]
2026-06-18T10:04:50.728+05:30  INFO 18860 --- [recarding-dashboard-backend] [           main] c.d.d.r.DashboardRepositoryTest          : Started DashboardRepositoryTest in 5.14 seconds (process running for 23.367)
2026-06-18T10:04:50.739+05:30 DEBUG 18860 --- [recarding-dashboard-backend] [           main] o.s.jdbc.support.JdbcTransactionManager  : Creating new transaction with name [com.dfcc.dashboard.repository.DashboardRepositoryTest]: PROPAGATION_REQUIRED,ISOLATION_DEFAULT
2026-06-18T10:04:50.744+05:30  INFO 18860 --- [recarding-dashboard-backend] [           main] com.zaxxer.hikari.HikariDataSource       : RecardingDashboardHikariCP - Starting...
2026-06-18T10:04:50.749+05:30  INFO 18860 --- [recarding-dashboard-backend] [           main] com.zaxxer.hikari.pool.HikariPool        : RecardingDashboardHikariCP - Added connection conn5: url=jdbc:h2:mem:testdb user=SA
2026-06-18T10:04:50.749+05:30  INFO 18860 --- [recarding-dashboard-backend] [           main] com.zaxxer.hikari.HikariDataSource       : RecardingDashboardHikariCP - Start completed.
2026-06-18T10:04:50.863+05:30 DEBUG 18860 --- [recarding-dashboard-backend] [           main] o.s.jdbc.support.JdbcTransactionManager  : Acquired Connection [HikariProxyConnection@902967599 wrapping conn5: url=jdbc:h2:mem:testdb user=SA] for JDBC transaction
2026-06-18T10:04:50.872+05:30 DEBUG 18860 --- [recarding-dashboard-backend] [           main] o.s.jdbc.support.JdbcTransactionManager  : Switching JDBC Connection [HikariProxyConnection@902967599 wrapping conn5: url=jdbc:h2:mem:testdb user=SA] to manual commit
2026-06-18T10:04:50.873+05:30 DEBUG 18860 --- [recarding-dashboard-backend] [           main] o.s.jdbc.datasource.init.ScriptUtils     : Executing SQL script from class path resource [db/test-schema.sql]
2026-06-18T10:04:50.889+05:30 DEBUG 18860 --- [recarding-dashboard-backend] [           main] o.s.jdbc.datasource.init.ScriptUtils     : 0 returned as update count for SQL: CREATE TABLE IF NOT EXISTS CARD ( CARDNUMBER VARCHAR2(20) NOT NULL, MAINCARDNO VARCHAR2(20), CARDTYPE VARCHAR2(20), CARDPRODUCT VARCHAR2(20), CARDSTATUS VARCHAR2(20), MGRFLAG NUMBER NOT NULL, LASTUPDATEDTIME TIMESTAMP NOT NULL, CREATEDTIME TIMESTAMP NOT NULL, APPLICATIONID VARCHAR2(12), CONSTRAINT PK_CARD PRIMARY KEY (CARDNUMBER) )
2026-06-18T10:04:50.893+05:30 DEBUG 18860 --- [recarding-dashboard-backend] [           main] o.s.jdbc.datasource.init.ScriptUtils     : 0 returned as update count for SQL: CREATE TABLE IF NOT EXISTS RECARDREQUEST ( REQUESTID VARCHAR2(38) NOT NULL, REQUESTEDCARD VARCHAR2(20), CARDNUMBER VARCHAR2(20), MAINCARDNUMBER VARCHAR2(20), ISPRIMARY VARCHAR2(10) NOT NULL, CARDCATEGORY VARCHAR2(10), CUSTOMERID VARCHAR2(20), APPLICATIONID VARCHAR2(15), ACCOUNTNUMBER VARCHAR2(15), REQUESTREASONCODE VARCHAR2(6), STATUS VARCHAR2(16), PRIORITYLEVEL VARCHAR2(20), RENEWCONFIRMATION VARCHAR2(3), REMARKS VARCHAR2(276), REJECTREMARK VARCHAR2(255), REQUESTEDUSER VARCHAR2(32), APPROVEDUSER VARCHAR2(32), LASTUPDATEDUSER VARCHAR2(20) NOT NULL, CREATEDTIME TIMESTAMP, LASTUPDATEDTIME TIMESTAMP NOT NULL, CALLLOGID VARCHAR2(12), ISMIGRATED VARCHAR2(20), ASSIGNUSER VARCHAR2(32), BULKID VARCHAR2(60), CONSTRAINT PK_RECARDREQUEST PRIMARY KEY (REQUESTID) )
2026-06-18T10:04:50.896+05:30 DEBUG 18860 --- [recarding-dashboard-backend] [           main] o.s.jdbc.datasource.init.ScriptUtils     : 0 returned as update count for SQL: CREATE TABLE IF NOT EXISTS MD_ENGINE_CONFIGURATIONS ( ENGINEID VARCHAR2(20) NOT NULL, ENGINESTATUS NUMBER(1) NOT NULL, LASTEXECUTIONTIME TIMESTAMP, NEXTSCHEDULEDRUNTIME TIMESTAMP, CARDSPROCESSEDPERRUN NUMBER, AVGPROCESSINGTIMEPERCARD NUMBER, THREADSRUNPARALLEL NUMBER, BATCHSIZE NUMBER, PERIOD VARCHAR2(20), LASTUPDATEDTIME TIMESTAMP NOT NULL, CONSTRAINT PK_MD_ENGINE_CONFIGURATIONS PRIMARY KEY (ENGINEID) )
2026-06-18T10:04:50.898+05:30 DEBUG 18860 --- [recarding-dashboard-backend] [           main] o.s.jdbc.datasource.init.ScriptUtils     : 0 returned as update count for SQL: CREATE TABLE IF NOT EXISTS MD_ENGINE_EXECUTION_LOG ( RUNID VARCHAR2(20) NOT NULL, STARTTIME TIMESTAMP NOT NULL, ENDTIME TIMESTAMP, STATUS VARCHAR2(16) NOT NULL, CARDSPROCESSED NUMBER, AVGTIMEPERCARD NUMBER, THREADCOUNT NUMBER, BATCHSIZE NUMBER, ERRORCOUNT NUMBER DEFAULT 0, ERRORMESSAGE VARCHAR2(500), CONSTRAINT PK_MD_ENGINE_EXECUTION_LOG PRIMARY KEY (RUNID) )
2026-06-18T10:04:50.899+05:30 DEBUG 18860 --- [recarding-dashboard-backend] [           main] o.s.jdbc.datasource.init.ScriptUtils     : Executed SQL script from class path resource [db/test-schema.sql] in 26 ms.
2026-06-18T10:04:50.899+05:30 DEBUG 18860 --- [recarding-dashboard-backend] [           main] o.s.jdbc.datasource.init.ScriptUtils     : Executing SQL script from class path resource [db/test-data.sql]
2026-06-18T10:04:50.905+05:30 DEBUG 18860 --- [recarding-dashboard-backend] [           main] o.s.jdbc.datasource.init.ScriptUtils     : 1 returned as update count for SQL: INSERT INTO CARD (CARDNUMBER, MAINCARDNO, CARDTYPE, CARDPRODUCT, CARDSTATUS, MGRFLAG, LASTUPDATEDTIME, CREATEDTIME, APPLICATIONID) VALUES ('411111XXXXXX1001', NULL, 'PRIMARY', 'Visa Gold', 'CACT', 0, TIMESTAMP '2026-06-10 09:00:00', TIMESTAMP '2025-01-15 10:00:00', 'APP000000001')
2026-06-18T10:04:50.907+05:30 DEBUG 18860 --- [recarding-dashboard-backend] [           main] o.s.jdbc.datasource.init.ScriptUtils     : 1 returned as update count for SQL: INSERT INTO CARD (CARDNUMBER, MAINCARDNO, CARDTYPE, CARDPRODUCT, CARDSTATUS, MGRFLAG, LASTUPDATEDTIME, CREATEDTIME, APPLICATIONID) VALUES ('411111XXXXXX1002', NULL, 'PRIMARY', 'Visa Platinum', 'CACT', 0, TIMESTAMP '2026-06-11 09:00:00', TIMESTAMP '2025-02-15 10:00:00', 'APP000000002')
2026-06-18T10:04:50.909+05:30 DEBUG 18860 --- [recarding-dashboard-backend] [           main] o.s.jdbc.datasource.init.ScriptUtils     : 1 returned as update count for SQL: INSERT INTO CARD (CARDNUMBER, MAINCARDNO, CARDTYPE, CARDPRODUCT, CARDSTATUS, MGRFLAG, LASTUPDATEDTIME, CREATEDTIME, APPLICATIONID) VALUES ('411111XXXXXX1003', NULL, 'PRIMARY', 'Mastercard Gold', 'CACT', 1, TIMESTAMP '2026-06-12 10:00:00', TIMESTAMP '2025-03-20 11:30:00', 'APP000000003')
2026-06-18T10:04:50.910+05:30 DEBUG 18860 --- [recarding-dashboard-backend] [           main] o.s.jdbc.datasource.init.ScriptUtils     : 1 returned as update count for SQL: INSERT INTO CARD (CARDNUMBER, MAINCARDNO, CARDTYPE, CARDPRODUCT, CARDSTATUS, MGRFLAG, LASTUPDATEDTIME, CREATEDTIME, APPLICATIONID) VALUES ('411111XXXXXX1005', NULL, 'PRIMARY', 'Visa Gold', 'CACT', 2, TIMESTAMP '2026-06-15 14:00:00', TIMESTAMP '2025-05-12 09:00:00', 'APP000000005')
2026-06-18T10:04:50.911+05:30 DEBUG 18860 --- [recarding-dashboard-backend] [           main] o.s.jdbc.datasource.init.ScriptUtils     : 1 returned as update count for SQL: INSERT INTO CARD (CARDNUMBER, MAINCARDNO, CARDTYPE, CARDPRODUCT, CARDSTATUS, MGRFLAG, LASTUPDATEDTIME, CREATEDTIME, APPLICATIONID) VALUES ('411111XXXXXX1008', NULL, 'PRIMARY', 'Mastercard Platinum', 'CACT', 3, TIMESTAMP '2026-06-16 11:00:00', TIMESTAMP '2025-08-14 16:00:00', 'APP000000008')
2026-06-18T10:04:50.985+05:30 DEBUG 18860 --- [recarding-dashboard-backend] [           main] o.s.jdbc.datasource.init.ScriptUtils     : 1 returned as update count for SQL: INSERT INTO CARD (CARDNUMBER, MAINCARDNO, CARDTYPE, CARDPRODUCT, CARDSTATUS, MGRFLAG, LASTUPDATEDTIME, CREATEDTIME, APPLICATIONID) VALUES ('411111XXXXXX1011', NULL, 'PRIMARY', 'Mastercard Gold', 'CACT', 4, TIMESTAMP '2026-06-15 14:22:00', TIMESTAMP '2025-10-02 08:30:00', 'APP000000011')
2026-06-18T10:04:50.991+05:30 DEBUG 18860 --- [recarding-dashboard-backend] [           main] o.s.jdbc.datasource.init.ScriptUtils     : 1 returned as update count for SQL: INSERT INTO RECARDREQUEST (REQUESTID, REQUESTEDCARD, CARDNUMBER, MAINCARDNUMBER, ISPRIMARY, CARDCATEGORY, CUSTOMERID, APPLICATIONID, ACCOUNTNUMBER, REQUESTREASONCODE, STATUS, PRIORITYLEVEL, RENEWCONFIRMATION, REMARKS, REJECTREMARK, REQUESTEDUSER, APPROVEDUSER, LASTUPDATEDUSER, CREATEDTIME, LASTUPDATEDTIME, CALLLOGID, ISMIGRATED, ASSIGNUSER, BULKID) VALUES ('REQ000000000000001', '411111XXXXXX1005', '411111XXXXXX1005', '411111XXXXXX1005', 'TRUE', 'CAT1', 'CUST003', 'APP000000005', 'ACT003', 'CR01', 'PENDING', 'HIGH', 'YES', 'Lost card', NULL, 'teller_01', 'mgr_02', 'system_batch', TIMESTAMP '2026-06-15 14:00:00', TIMESTAMP '2026-06-15 14:00:00', 'CALL003', 'N', NULL, NULL)
2026-06-18T10:04:50.996+05:30 DEBUG 18860 --- [recarding-dashboard-backend] [           main] o.s.jdbc.datasource.init.ScriptUtils     : 1 returned as update count for SQL: INSERT INTO RECARDREQUEST (REQUESTID, REQUESTEDCARD, CARDNUMBER, MAINCARDNUMBER, ISPRIMARY, CARDCATEGORY, CUSTOMERID, APPLICATIONID, ACCOUNTNUMBER, REQUESTREASONCODE, STATUS, PRIORITYLEVEL, RENEWCONFIRMATION, REMARKS, REJECTREMARK, REQUESTEDUSER, APPROVEDUSER, LASTUPDATEDUSER, CREATEDTIME, LASTUPDATEDTIME, CALLLOGID, ISMIGRATED, ASSIGNUSER, BULKID) VALUES ('REQ000000000000002', '411111XXXXXX1008', '411111XXXXXX1008', '411111XXXXXX1008', 'TRUE', 'CAT1', 'CUST006', 'APP000000008', 'ACT006', 'PC02', 'COMPLETED', 'NORMAL', 'YES', 'Upgrade', NULL, 'system', 'mgr_01', 'system_batch', TIMESTAMP '2026-06-16 11:00:00', TIMESTAMP '2026-06-16 11:00:00', 'CALL006', 'Y', NULL, NULL)
2026-06-18T10:04:50.998+05:30 DEBUG 18860 --- [recarding-dashboard-backend] [           main] o.s.jdbc.datasource.init.ScriptUtils     : 1 returned as update count for SQL: INSERT INTO RECARDREQUEST (REQUESTID, REQUESTEDCARD, CARDNUMBER, MAINCARDNUMBER, ISPRIMARY, CARDCATEGORY, CUSTOMERID, APPLICATIONID, ACCOUNTNUMBER, REQUESTREASONCODE, STATUS, PRIORITYLEVEL, RENEWCONFIRMATION, REMARKS, REJECTREMARK, REQUESTEDUSER, APPROVEDUSER, LASTUPDATEDUSER, CREATEDTIME, LASTUPDATEDTIME, CALLLOGID, ISMIGRATED, ASSIGNUSER, BULKID) VALUES ('REQ000000000000003', '411111XXXXXX1011', '411111XXXXXX1011', '411111XXXXXX1011', 'TRUE', 'CAT1', 'CUST009', 'APP000000011', 'ACT009', 'CR01', 'FAILED', 'HIGH', 'NO', 'Failed attempt', 'Customer KYC mismatch', 'teller_01', 'mgr_01', 'system_batch', TIMESTAMP '2026-06-15 14:22:00', TIMESTAMP '2026-06-15 14:22:00', 'CALL009', 'N', NULL, NULL)
2026-06-18T10:04:50.999+05:30 DEBUG 18860 --- [recarding-dashboard-backend] [           main] o.s.jdbc.datasource.init.ScriptUtils     : 1 returned as update count for SQL: INSERT INTO MD_ENGINE_CONFIGURATIONS (ENGINEID, ENGINESTATUS, LASTEXECUTIONTIME, NEXTSCHEDULEDRUNTIME, CARDSPROCESSEDPERRUN, AVGPROCESSINGTIMEPERCARD, THREADSRUNPARALLEL, BATCHSIZE, PERIOD, LASTUPDATEDTIME) VALUES ('MSE-01', 1, TIMESTAMP '2026-06-16 10:30:00', TIMESTAMP '2026-06-16 10:45:00', 500, 0.85, 10, 500, '10:30-10:45', TIMESTAMP '2026-06-16 10:30:00')
2026-06-18T10:04:51.000+05:30 DEBUG 18860 --- [recarding-dashboard-backend] [           main] o.s.jdbc.datasource.init.ScriptUtils     : 1 returned as update count for SQL: INSERT INTO MD_ENGINE_CONFIGURATIONS (ENGINEID, ENGINESTATUS, LASTEXECUTIONTIME, NEXTSCHEDULEDRUNTIME, CARDSPROCESSEDPERRUN, AVGPROCESSINGTIMEPERCARD, THREADSRUNPARALLEL, BATCHSIZE, PERIOD, LASTUPDATEDTIME) VALUES ('MSE-02', 0, TIMESTAMP '2026-06-16 10:00:00', TIMESTAMP '2026-06-16 11:00:00', 250, 1.12, 4, 250, '10:00-10:15', TIMESTAMP '2026-06-16 10:00:00')
2026-06-18T10:04:51.001+05:30 DEBUG 18860 --- [recarding-dashboard-backend] [           main] o.s.jdbc.datasource.init.ScriptUtils     : 1 returned as update count for SQL: INSERT INTO MD_ENGINE_EXECUTION_LOG (RUNID, STARTTIME, ENDTIME, STATUS, CARDSPROCESSED, AVGTIMEPERCARD, THREADCOUNT, BATCHSIZE, ERRORCOUNT, ERRORMESSAGE) VALUES ('RUN-20260616-01', TIMESTAMP '2026-06-16 10:30:00', TIMESTAMP '2026-06-16 10:31:30', 'SUCCESS', 500, 0.85, 10, 500, 0, NULL)
2026-06-18T10:04:51.003+05:30 DEBUG 18860 --- [recarding-dashboard-backend] [           main] o.s.jdbc.datasource.init.ScriptUtils     : 1 returned as update count for SQL: INSERT INTO MD_ENGINE_EXECUTION_LOG (RUNID, STARTTIME, ENDTIME, STATUS, CARDSPROCESSED, AVGTIMEPERCARD, THREADCOUNT, BATCHSIZE, ERRORCOUNT, ERRORMESSAGE) VALUES ('RUN-20260616-02', TIMESTAMP '2026-06-16 10:15:00', TIMESTAMP '2026-06-16 10:16:40', 'SUCCESS', 480, 0.82, 10, 500, 0, NULL)
2026-06-18T10:04:51.007+05:30 DEBUG 18860 --- [recarding-dashboard-backend] [           main] o.s.jdbc.datasource.init.ScriptUtils     : 1 returned as update count for SQL: INSERT INTO MD_ENGINE_EXECUTION_LOG (RUNID, STARTTIME, ENDTIME, STATUS, CARDSPROCESSED, AVGTIMEPERCARD, THREADCOUNT, BATCHSIZE, ERRORCOUNT, ERRORMESSAGE) VALUES ('RUN-20260616-03', TIMESTAMP '2026-06-16 10:00:00', TIMESTAMP '2026-06-16 10:02:10', 'FAILED', 250, 1.12, 4, 250, 12, 'Oracle connection pool exhausted')
2026-06-18T10:04:51.008+05:30 DEBUG 18860 --- [recarding-dashboard-backend] [           main] o.s.jdbc.datasource.init.ScriptUtils     : 1 returned as update count for SQL: INSERT INTO MD_ENGINE_EXECUTION_LOG (RUNID, STARTTIME, ENDTIME, STATUS, CARDSPROCESSED, AVGTIMEPERCARD, THREADCOUNT, BATCHSIZE, ERRORCOUNT, ERRORMESSAGE) VALUES ('RUN-20260616-04', TIMESTAMP '2026-06-16 09:45:00', TIMESTAMP '2026-06-16 09:46:20', 'SUCCESS', 500, 0.88, 10, 500, 0, NULL)
2026-06-18T10:04:51.010+05:30 DEBUG 18860 --- [recarding-dashboard-backend] [           main] o.s.jdbc.datasource.init.ScriptUtils     : 1 returned as update count for SQL: INSERT INTO MD_ENGINE_EXECUTION_LOG (RUNID, STARTTIME, ENDTIME, STATUS, CARDSPROCESSED, AVGTIMEPERCARD, THREADCOUNT, BATCHSIZE, ERRORCOUNT, ERRORMESSAGE) VALUES ('RUN-20260616-05', TIMESTAMP '2026-06-16 09:30:00', TIMESTAMP '2026-06-16 09:31:15', 'SUCCESS', 450, 0.90, 8, 500, 0, NULL)
2026-06-18T10:04:51.011+05:30 DEBUG 18860 --- [recarding-dashboard-backend] [           main] o.s.jdbc.datasource.init.ScriptUtils     : 1 returned as update count for SQL: INSERT INTO MD_ENGINE_EXECUTION_LOG (RUNID, STARTTIME, ENDTIME, STATUS, CARDSPROCESSED, AVGTIMEPERCARD, THREADCOUNT, BATCHSIZE, ERRORCOUNT, ERRORMESSAGE) VALUES ('RUN-20260616-06', TIMESTAMP '2026-06-16 09:15:00', TIMESTAMP '2026-06-16 09:16:30', 'SUCCESS', 500, 0.84, 10, 500, 0, NULL)
2026-06-18T10:04:51.013+05:30 DEBUG 18860 --- [recarding-dashboard-backend] [           main] o.s.jdbc.datasource.init.ScriptUtils     : 1 returned as update count for SQL: INSERT INTO MD_ENGINE_EXECUTION_LOG (RUNID, STARTTIME, ENDTIME, STATUS, CARDSPROCESSED, AVGTIMEPERCARD, THREADCOUNT, BATCHSIZE, ERRORCOUNT, ERRORMESSAGE) VALUES ('RUN-20260616-07', TIMESTAMP '2026-06-16 09:00:00', TIMESTAMP '2026-06-16 09:01:25', 'SUCCESS', 490, 0.87, 10, 500, 0, NULL)
2026-06-18T10:04:51.017+05:30 DEBUG 18860 --- [recarding-dashboard-backend] [           main] o.s.jdbc.datasource.init.ScriptUtils     : 1 returned as update count for SQL: INSERT INTO MD_ENGINE_EXECUTION_LOG (RUNID, STARTTIME, ENDTIME, STATUS, CARDSPROCESSED, AVGTIMEPERCARD, THREADCOUNT, BATCHSIZE, ERRORCOUNT, ERRORMESSAGE) VALUES ('RUN-20260616-08', TIMESTAMP '2026-06-16 08:45:00', TIMESTAMP '2026-06-16 08:46:18', 'SUCCESS', 500, 0.83, 10, 500, 0, NULL)
2026-06-18T10:04:51.018+05:30 DEBUG 18860 --- [recarding-dashboard-backend] [           main] o.s.jdbc.datasource.init.ScriptUtils     : 1 returned as update count for SQL: INSERT INTO MD_ENGINE_EXECUTION_LOG (RUNID, STARTTIME, ENDTIME, STATUS, CARDSPROCESSED, AVGTIMEPERCARD, THREADCOUNT, BATCHSIZE, ERRORCOUNT, ERRORMESSAGE) VALUES ('RUN-20260616-09', TIMESTAMP '2026-06-16 08:30:00', TIMESTAMP '2026-06-16 08:31:10', 'SUCCESS', 400, 0.92, 8, 500, 0, NULL)
2026-06-18T10:04:51.019+05:30 DEBUG 18860 --- [recarding-dashboard-backend] [           main] o.s.jdbc.datasource.init.ScriptUtils     : 1 returned as update count for SQL: INSERT INTO MD_ENGINE_EXECUTION_LOG (RUNID, STARTTIME, ENDTIME, STATUS, CARDSPROCESSED, AVGTIMEPERCARD, THREADCOUNT, BATCHSIZE, ERRORCOUNT, ERRORMESSAGE) VALUES ('RUN-20260616-10', TIMESTAMP '2026-06-16 08:15:00', TIMESTAMP '2026-06-16 08:16:30', 'SUCCESS', 500, 0.86, 10, 500, 0, NULL)
2026-06-18T10:04:51.020+05:30 DEBUG 18860 --- [recarding-dashboard-backend] [           main] o.s.jdbc.datasource.init.ScriptUtils     : 1 returned as update count for SQL: INSERT INTO MD_ENGINE_EXECUTION_LOG (RUNID, STARTTIME, ENDTIME, STATUS, CARDSPROCESSED, AVGTIMEPERCARD, THREADCOUNT, BATCHSIZE, ERRORCOUNT, ERRORMESSAGE) VALUES ('RUN-20260616-11', TIMESTAMP '2026-06-16 08:00:00', TIMESTAMP '2026-06-16 08:01:22', 'SUCCESS', 485, 0.88, 10, 500, 0, NULL)
2026-06-18T10:04:51.020+05:30 DEBUG 18860 --- [recarding-dashboard-backend] [           main] o.s.jdbc.datasource.init.ScriptUtils     : 1 returned as update count for SQL: INSERT INTO MD_ENGINE_EXECUTION_LOG (RUNID, STARTTIME, ENDTIME, STATUS, CARDSPROCESSED, AVGTIMEPERCARD, THREADCOUNT, BATCHSIZE, ERRORCOUNT, ERRORMESSAGE) VALUES ('RUN-20260616-12', TIMESTAMP '2026-06-16 07:45:00', TIMESTAMP '2026-06-16 07:46:15', 'SUCCESS', 500, 0.85, 10, 500, 0, NULL)
2026-06-18T10:04:51.021+05:30 DEBUG 18860 --- [recarding-dashboard-backend] [           main] o.s.jdbc.datasource.init.ScriptUtils     : 1 returned as update count for SQL: INSERT INTO MD_ENGINE_EXECUTION_LOG (RUNID, STARTTIME, ENDTIME, STATUS, CARDSPROCESSED, AVGTIMEPERCARD, THREADCOUNT, BATCHSIZE, ERRORCOUNT, ERRORMESSAGE) VALUES ('RUN-20260616-13', TIMESTAMP '2026-06-16 07:30:00', TIMESTAMP '2026-06-16 07:31:10', 'SUCCESS', 420, 0.91, 8, 500, 0, NULL)
2026-06-18T10:04:51.022+05:30 DEBUG 18860 --- [recarding-dashboard-backend] [           main] o.s.jdbc.datasource.init.ScriptUtils     : 1 returned as update count for SQL: INSERT INTO MD_ENGINE_EXECUTION_LOG (RUNID, STARTTIME, ENDTIME, STATUS, CARDSPROCESSED, AVGTIMEPERCARD, THREADCOUNT, BATCHSIZE, ERRORCOUNT, ERRORMESSAGE) VALUES ('RUN-20260616-14', TIMESTAMP '2026-06-16 07:15:00', TIMESTAMP '2026-06-16 07:16:32', 'SUCCESS', 500, 0.85, 10, 500, 0, NULL)
2026-06-18T10:04:51.023+05:30 DEBUG 18860 --- [recarding-dashboard-backend] [           main] o.s.jdbc.datasource.init.ScriptUtils     : 1 returned as update count for SQL: INSERT INTO MD_ENGINE_EXECUTION_LOG (RUNID, STARTTIME, ENDTIME, STATUS, CARDSPROCESSED, AVGTIMEPERCARD, THREADCOUNT, BATCHSIZE, ERRORCOUNT, ERRORMESSAGE) VALUES ('RUN-20260616-15', TIMESTAMP '2026-06-16 07:00:00', TIMESTAMP '2026-06-16 07:01:25', 'SUCCESS', 495, 0.89, 10, 500, 0, NULL)
2026-06-18T10:04:51.024+05:30 DEBUG 18860 --- [recarding-dashboard-backend] [           main] o.s.jdbc.datasource.init.ScriptUtils     : 1 returned as update count for SQL: INSERT INTO MD_ENGINE_EXECUTION_LOG (RUNID, STARTTIME, ENDTIME, STATUS, CARDSPROCESSED, AVGTIMEPERCARD, THREADCOUNT, BATCHSIZE, ERRORCOUNT, ERRORMESSAGE) VALUES ('RUN-20260616-16', TIMESTAMP '2026-06-16 06:45:00', TIMESTAMP '2026-06-16 06:46:18', 'SUCCESS', 500, 0.84, 10, 500, 0, NULL)
2026-06-18T10:04:51.024+05:30 DEBUG 18860 --- [recarding-dashboard-backend] [           main] o.s.jdbc.datasource.init.ScriptUtils     : 1 returned as update count for SQL: INSERT INTO MD_ENGINE_EXECUTION_LOG (RUNID, STARTTIME, ENDTIME, STATUS, CARDSPROCESSED, AVGTIMEPERCARD, THREADCOUNT, BATCHSIZE, ERRORCOUNT, ERRORMESSAGE) VALUES ('RUN-20260616-17', TIMESTAMP '2026-06-16 06:30:00', TIMESTAMP '2026-06-16 06:31:10', 'SUCCESS', 390, 0.94, 8, 500, 0, NULL)
2026-06-18T10:04:51.025+05:30 DEBUG 18860 --- [recarding-dashboard-backend] [           main] o.s.jdbc.datasource.init.ScriptUtils     : 1 returned as update count for SQL: INSERT INTO MD_ENGINE_EXECUTION_LOG (RUNID, STARTTIME, ENDTIME, STATUS, CARDSPROCESSED, AVGTIMEPERCARD, THREADCOUNT, BATCHSIZE, ERRORCOUNT, ERRORMESSAGE) VALUES ('RUN-20260616-18', TIMESTAMP '2026-06-16 06:15:00', TIMESTAMP '2026-06-16 06:16:30', 'SUCCESS', 500, 0.85, 10, 500, 0, NULL)
2026-06-18T10:04:51.029+05:30 DEBUG 18860 --- [recarding-dashboard-backend] [           main] o.s.jdbc.datasource.init.ScriptUtils     : 1 returned as update count for SQL: INSERT INTO MD_ENGINE_EXECUTION_LOG (RUNID, STARTTIME, ENDTIME, STATUS, CARDSPROCESSED, AVGTIMEPERCARD, THREADCOUNT, BATCHSIZE, ERRORCOUNT, ERRORMESSAGE) VALUES ('RUN-20260616-19', TIMESTAMP '2026-06-16 06:00:00', TIMESTAMP '2026-06-16 06:01:20', 'SUCCESS', 480, 0.90, 10, 500, 0, NULL)
2026-06-18T10:04:51.030+05:30 DEBUG 18860 --- [recarding-dashboard-backend] [           main] o.s.jdbc.datasource.init.ScriptUtils     : 1 returned as update count for SQL: INSERT INTO MD_ENGINE_EXECUTION_LOG (RUNID, STARTTIME, ENDTIME, STATUS, CARDSPROCESSED, AVGTIMEPERCARD, THREADCOUNT, BATCHSIZE, ERRORCOUNT, ERRORMESSAGE) VALUES ('RUN-20260616-20', TIMESTAMP '2026-06-16 05:45:00', TIMESTAMP '2026-06-16 05:46:15', 'SUCCESS', 500, 0.83, 10, 500, 0, NULL)
2026-06-18T10:04:51.031+05:30 DEBUG 18860 --- [recarding-dashboard-backend] [           main] o.s.jdbc.datasource.init.ScriptUtils     : 1 returned as update count for SQL: INSERT INTO MD_ENGINE_EXECUTION_LOG (RUNID, STARTTIME, ENDTIME, STATUS, CARDSPROCESSED, AVGTIMEPERCARD, THREADCOUNT, BATCHSIZE, ERRORCOUNT, ERRORMESSAGE) VALUES ('RUN-20260616-21', TIMESTAMP '2026-06-16 05:30:00', TIMESTAMP '2026-06-16 05:31:12', 'SUCCESS', 410, 0.93, 8, 500, 0, NULL)
2026-06-18T10:04:51.031+05:30 DEBUG 18860 --- [recarding-dashboard-backend] [           main] o.s.jdbc.datasource.init.ScriptUtils     : 1 returned as update count for SQL: INSERT INTO MD_ENGINE_EXECUTION_LOG (RUNID, STARTTIME, ENDTIME, STATUS, CARDSPROCESSED, AVGTIMEPERCARD, THREADCOUNT, BATCHSIZE, ERRORCOUNT, ERRORMESSAGE) VALUES ('RUN-20260616-22', TIMESTAMP '2026-06-16 05:15:00', TIMESTAMP '2026-06-16 05:16:30', 'SUCCESS', 500, 0.86, 10, 500, 0, NULL)
2026-06-18T10:04:51.032+05:30 DEBUG 18860 --- [recarding-dashboard-backend] [           main] o.s.jdbc.datasource.init.ScriptUtils     : Executed SQL script from class path resource [db/test-data.sql] in 133 ms.
2026-06-18T10:04:51.032+05:30 DEBUG 18860 --- [recarding-dashboard-backend] [           main] o.s.jdbc.support.JdbcTransactionManager  : Initiating transaction commit
2026-06-18T10:04:51.033+05:30 DEBUG 18860 --- [recarding-dashboard-backend] [           main] o.s.jdbc.support.JdbcTransactionManager  : Committing JDBC transaction on Connection [HikariProxyConnection@902967599 wrapping conn5: url=jdbc:h2:mem:testdb user=SA]
2026-06-18T10:04:51.176+05:30 DEBUG 18860 --- [recarding-dashboard-backend] [           main] o.s.jdbc.support.JdbcTransactionManager  : Releasing JDBC Connection [HikariProxyConnection@902967599 wrapping conn5: url=jdbc:h2:mem:testdb user=SA] after transaction
2026-06-18T10:04:51.189+05:30 DEBUG 18860 --- [recarding-dashboard-backend] [           main] o.s.jdbc.core.JdbcTemplate               : Executing prepared SQL query
2026-06-18T10:04:51.189+05:30 DEBUG 18860 --- [recarding-dashboard-backend] [           main] o.s.jdbc.core.JdbcTemplate               : Executing prepared SQL statement [SELECT c.MGRFLAG, COUNT(*) AS cnt FROM CARD c WHERE 1=1 AND c.LASTUPDATEDTIME >= ? AND c.LASTUPDATEDTIME <= ? GROUP BY c.MGRFLAG]
2026-06-18T10:04:51.189+05:30 DEBUG 18860 --- [recarding-dashboard-backend] [           main] o.s.jdbc.datasource.DataSourceUtils      : Fetching JDBC Connection from DataSource
]]></system-out>
  </testcase>
  <testcase name="testGetProductTypes_ReturnDistinctValues" classname="com.dfcc.dashboard.repository.DashboardRepositoryTest" time="0.098">
    <system-out><![CDATA[2026-06-18T10:04:51.377+05:30 DEBUG 18860 --- [recarding-dashboard-backend] [           main] o.s.jdbc.core.JdbcTemplate               : Executing prepared SQL query
2026-06-18T10:04:51.377+05:30 DEBUG 18860 --- [recarding-dashboard-backend] [           main] o.s.jdbc.core.JdbcTemplate               : Executing prepared SQL statement [SELECT DISTINCT CARDPRODUCT FROM CARD WHERE CARDPRODUCT IS NOT NULL ORDER BY CARDPRODUCT]
2026-06-18T10:04:51.377+05:30 DEBUG 18860 --- [recarding-dashboard-backend] [           main] o.s.jdbc.datasource.DataSourceUtils      : Fetching JDBC Connection from DataSource
]]></system-out>
  </testcase>
  <testcase name="testGetEngineHistory_DateFilter" classname="com.dfcc.dashboard.repository.DashboardRepositoryTest" time="0.127">
    <system-out><![CDATA[2026-06-18T10:04:51.480+05:30 DEBUG 18860 --- [recarding-dashboard-backend] [           main] o.s.jdbc.core.JdbcTemplate               : Executing prepared SQL query
2026-06-18T10:04:51.483+05:30 DEBUG 18860 --- [recarding-dashboard-backend] [           main] o.s.jdbc.core.JdbcTemplate               : Executing prepared SQL statement [SELECT COUNT(*) FROM MD_ENGINE_EXECUTION_LOG WHERE 1=1 AND STARTTIME >= ? AND STARTTIME <= ? ]
2026-06-18T10:04:51.483+05:30 DEBUG 18860 --- [recarding-dashboard-backend] [           main] o.s.jdbc.datasource.DataSourceUtils      : Fetching JDBC Connection from DataSource
2026-06-18T10:04:51.584+05:30 DEBUG 18860 --- [recarding-dashboard-backend] [           main] o.s.jdbc.core.JdbcTemplate               : Executing prepared SQL query
2026-06-18T10:04:51.584+05:30 DEBUG 18860 --- [recarding-dashboard-backend] [           main] o.s.jdbc.core.JdbcTemplate               : Executing prepared SQL statement [SELECT RUNID, STARTTIME, ENDTIME, STATUS, CARDSPROCESSED, AVGTIMEPERCARD, THREADCOUNT, BATCHSIZE, ERRORCOUNT, ERRORMESSAGE FROM MD_ENGINE_EXECUTION_LOG WHERE 1=1 AND STARTTIME >= ? AND STARTTIME <= ? ORDER BY STARTTIME ASC OFFSET ? ROWS FETCH NEXT ? ROWS ONLY]
2026-06-18T10:04:51.584+05:30 DEBUG 18860 --- [recarding-dashboard-backend] [           main] o.s.jdbc.datasource.DataSourceUtils      : Fetching JDBC Connection from DataSource
]]></system-out>
  </testcase>
  <testcase name="testGetMigrationFlags_NoFilters" classname="com.dfcc.dashboard.repository.DashboardRepositoryTest" time="0.007">
    <system-out><![CDATA[2026-06-18T10:04:51.606+05:30 DEBUG 18860 --- [recarding-dashboard-backend] [           main] o.s.jdbc.core.JdbcTemplate               : Executing prepared SQL query
2026-06-18T10:04:51.606+05:30 DEBUG 18860 --- [recarding-dashboard-backend] [           main] o.s.jdbc.core.JdbcTemplate               : Executing prepared SQL statement [SELECT c.MGRFLAG, COUNT(*) AS cnt FROM CARD c WHERE 1=1 GROUP BY c.MGRFLAG]
2026-06-18T10:04:51.606+05:30 DEBUG 18860 --- [recarding-dashboard-backend] [           main] o.s.jdbc.datasource.DataSourceUtils      : Fetching JDBC Connection from DataSource
]]></system-out>
  </testcase>
  <testcase name="testGetEngineHistory_FirstPage" classname="com.dfcc.dashboard.repository.DashboardRepositoryTest" time="0.057">
    <system-out><![CDATA[2026-06-18T10:04:51.615+05:30 DEBUG 18860 --- [recarding-dashboard-backend] [           main] o.s.jdbc.core.JdbcTemplate               : Executing prepared SQL query
2026-06-18T10:04:51.615+05:30 DEBUG 18860 --- [recarding-dashboard-backend] [           main] o.s.jdbc.core.JdbcTemplate               : Executing prepared SQL statement [SELECT COUNT(*) FROM MD_ENGINE_EXECUTION_LOG WHERE 1=1 ]
2026-06-18T10:04:51.615+05:30 DEBUG 18860 --- [recarding-dashboard-backend] [           main] o.s.jdbc.datasource.DataSourceUtils      : Fetching JDBC Connection from DataSource
2026-06-18T10:04:51.617+05:30 DEBUG 18860 --- [recarding-dashboard-backend] [           main] o.s.jdbc.core.JdbcTemplate               : Executing prepared SQL query
2026-06-18T10:04:51.617+05:30 DEBUG 18860 --- [recarding-dashboard-backend] [           main] o.s.jdbc.core.JdbcTemplate               : Executing prepared SQL statement [SELECT RUNID, STARTTIME, ENDTIME, STATUS, CARDSPROCESSED, AVGTIMEPERCARD, THREADCOUNT, BATCHSIZE, ERRORCOUNT, ERRORMESSAGE FROM MD_ENGINE_EXECUTION_LOG WHERE 1=1 ORDER BY STARTTIME DESC OFFSET ? ROWS FETCH NEXT ? ROWS ONLY]
2026-06-18T10:04:51.618+05:30 DEBUG 18860 --- [recarding-dashboard-backend] [           main] o.s.jdbc.datasource.DataSourceUtils      : Fetching JDBC Connection from DataSource
]]></system-out>
  </testcase>
  <testcase name="testGetEngineHistory_SecondPage" classname="com.dfcc.dashboard.repository.DashboardRepositoryTest" time="0.015">
    <system-out><![CDATA[2026-06-18T10:04:51.685+05:30 DEBUG 18860 --- [recarding-dashboard-backend] [           main] o.s.jdbc.core.JdbcTemplate               : Executing prepared SQL query
2026-06-18T10:04:51.685+05:30 DEBUG 18860 --- [recarding-dashboard-backend] [           main] o.s.jdbc.core.JdbcTemplate               : Executing prepared SQL statement [SELECT COUNT(*) FROM MD_ENGINE_EXECUTION_LOG WHERE 1=1 ]
2026-06-18T10:04:51.685+05:30 DEBUG 18860 --- [recarding-dashboard-backend] [           main] o.s.jdbc.datasource.DataSourceUtils      : Fetching JDBC Connection from DataSource
2026-06-18T10:04:51.686+05:30 DEBUG 18860 --- [recarding-dashboard-backend] [           main] o.s.jdbc.core.JdbcTemplate               : Executing prepared SQL query
2026-06-18T10:04:51.689+05:30 DEBUG 18860 --- [recarding-dashboard-backend] [           main] o.s.jdbc.core.JdbcTemplate               : Executing prepared SQL statement [SELECT RUNID, STARTTIME, ENDTIME, STATUS, CARDSPROCESSED, AVGTIMEPERCARD, THREADCOUNT, BATCHSIZE, ERRORCOUNT, ERRORMESSAGE FROM MD_ENGINE_EXECUTION_LOG WHERE 1=1 ORDER BY STARTTIME DESC OFFSET ? ROWS FETCH NEXT ? ROWS ONLY]
2026-06-18T10:04:51.689+05:30 DEBUG 18860 --- [recarding-dashboard-backend] [           main] o.s.jdbc.datasource.DataSourceUtils      : Fetching JDBC Connection from DataSource
]]></system-out>
  </testcase>
  <testcase name="testGetFailedRequests_WithNonMatchingMgrFlagFilter" classname="com.dfcc.dashboard.repository.DashboardRepositoryTest" time="0.006"/>
  <testcase name="testGetMigrationFlags_WithMgrFlagFilter" classname="com.dfcc.dashboard.repository.DashboardRepositoryTest" time="0.006">
    <system-out><![CDATA[2026-06-18T10:04:51.707+05:30 DEBUG 18860 --- [recarding-dashboard-backend] [           main] o.s.jdbc.core.JdbcTemplate               : Executing prepared SQL query
2026-06-18T10:04:51.707+05:30 DEBUG 18860 --- [recarding-dashboard-backend] [           main] o.s.jdbc.core.JdbcTemplate               : Executing prepared SQL statement [SELECT c.MGRFLAG, COUNT(*) AS cnt FROM CARD c WHERE 1=1 AND c.MGRFLAG = ? GROUP BY c.MGRFLAG]
2026-06-18T10:04:51.707+05:30 DEBUG 18860 --- [recarding-dashboard-backend] [           main] o.s.jdbc.datasource.DataSourceUtils      : Fetching JDBC Connection from DataSource
]]></system-out>
  </testcase>
  <testcase name="testGetRequestSummary_NoFilters" classname="com.dfcc.dashboard.repository.DashboardRepositoryTest" time="0.116">
    <system-out><![CDATA[2026-06-18T10:04:51.715+05:30 DEBUG 18860 --- [recarding-dashboard-backend] [           main] o.s.jdbc.core.JdbcTemplate               : Executing prepared SQL query
2026-06-18T10:04:51.715+05:30 DEBUG 18860 --- [recarding-dashboard-backend] [           main] o.s.jdbc.core.JdbcTemplate               : Executing prepared SQL statement [SELECT c.MGRFLAG, rr.REQUESTREASONCODE, COUNT(*) AS cnt FROM CARD c JOIN RECARDREQUEST rr ON rr.REQUESTEDCARD = c.CARDNUMBER WHERE 1=1 GROUP BY c.MGRFLAG, rr.REQUESTREASONCODE]
2026-06-18T10:04:51.715+05:30 DEBUG 18860 --- [recarding-dashboard-backend] [           main] o.s.jdbc.datasource.DataSourceUtils      : Fetching JDBC Connection from DataSource
]]></system-out>
  </testcase>
  <testcase name="testGetFailedRequests_ReturnsCorrectData" classname="com.dfcc.dashboard.repository.DashboardRepositoryTest" time="0.031">
    <system-out><![CDATA[2026-06-18T10:04:51.851+05:30 DEBUG 18860 --- [recarding-dashboard-backend] [           main] o.s.jdbc.core.JdbcTemplate               : Executing prepared SQL query
2026-06-18T10:04:51.852+05:30 DEBUG 18860 --- [recarding-dashboard-backend] [           main] o.s.jdbc.core.JdbcTemplate               : Executing prepared SQL statement [SELECT rr.REQUESTID, rr.REQUESTEDCARD, rr.REQUESTREASONCODE, rr.REJECTREMARK, rr.LASTUPDATEDTIME FROM CARD c JOIN RECARDREQUEST rr ON rr.REQUESTEDCARD = c.CARDNUMBER WHERE c.MGRFLAG = 4 ORDER BY rr.LASTUPDATEDTIME DESC]
2026-06-18T10:04:51.853+05:30 DEBUG 18860 --- [recarding-dashboard-backend] [           main] o.s.jdbc.datasource.DataSourceUtils      : Fetching JDBC Connection from DataSource
]]></system-out>
  </testcase>
  <testcase name="testGetMigrationFlags_WithProductTypeFilter" classname="com.dfcc.dashboard.repository.DashboardRepositoryTest" time="0.011">
    <system-out><![CDATA[2026-06-18T10:04:51.870+05:30 DEBUG 18860 --- [recarding-dashboard-backend] [           main] o.s.jdbc.core.JdbcTemplate               : Executing prepared SQL query
2026-06-18T10:04:51.871+05:30 DEBUG 18860 --- [recarding-dashboard-backend] [           main] o.s.jdbc.core.JdbcTemplate               : Executing prepared SQL statement [SELECT c.MGRFLAG, COUNT(*) AS cnt FROM CARD c WHERE 1=1 AND c.CARDPRODUCT = ? GROUP BY c.MGRFLAG]
2026-06-18T10:04:51.871+05:30 DEBUG 18860 --- [recarding-dashboard-backend] [           main] o.s.jdbc.datasource.DataSourceUtils      : Fetching JDBC Connection from DataSource
]]></system-out>
  </testcase>
  <testcase name="testGetMigrationFlags_WithReasonFilter_JoinsRecard" classname="com.dfcc.dashboard.repository.DashboardRepositoryTest" time="0.094">
    <system-out><![CDATA[2026-06-18T10:04:51.957+05:30 DEBUG 18860 --- [recarding-dashboard-backend] [           main] o.s.jdbc.core.JdbcTemplate               : Executing prepared SQL query
2026-06-18T10:04:51.960+05:30 DEBUG 18860 --- [recarding-dashboard-backend] [           main] o.s.jdbc.core.JdbcTemplate               : Executing prepared SQL statement [SELECT c.MGRFLAG, COUNT(*) AS cnt FROM CARD c LEFT JOIN RECARDREQUEST rr ON rr.REQUESTEDCARD = c.CARDNUMBER WHERE 1=1 AND rr.REQUESTREASONCODE IN (?, ?, ?, ?) GROUP BY c.MGRFLAG]
2026-06-18T10:04:51.962+05:30 DEBUG 18860 --- [recarding-dashboard-backend] [           main] o.s.jdbc.datasource.DataSourceUtils      : Fetching JDBC Connection from DataSource
]]></system-out>
  </testcase>
  <testcase name="testGetEngineHistory_LastPage" classname="com.dfcc.dashboard.repository.DashboardRepositoryTest" time="0.019">
    <system-out><![CDATA[2026-06-18T10:04:51.996+05:30 DEBUG 18860 --- [recarding-dashboard-backend] [           main] o.s.jdbc.core.JdbcTemplate               : Executing prepared SQL query
2026-06-18T10:04:51.997+05:30 DEBUG 18860 --- [recarding-dashboard-backend] [           main] o.s.jdbc.core.JdbcTemplate               : Executing prepared SQL statement [SELECT COUNT(*) FROM MD_ENGINE_EXECUTION_LOG WHERE 1=1 ]
2026-06-18T10:04:51.997+05:30 DEBUG 18860 --- [recarding-dashboard-backend] [           main] o.s.jdbc.datasource.DataSourceUtils      : Fetching JDBC Connection from DataSource
2026-06-18T10:04:52.000+05:30 DEBUG 18860 --- [recarding-dashboard-backend] [           main] o.s.jdbc.core.JdbcTemplate               : Executing prepared SQL query
2026-06-18T10:04:52.000+05:30 DEBUG 18860 --- [recarding-dashboard-backend] [           main] o.s.jdbc.core.JdbcTemplate               : Executing prepared SQL statement [SELECT RUNID, STARTTIME, ENDTIME, STATUS, CARDSPROCESSED, AVGTIMEPERCARD, THREADCOUNT, BATCHSIZE, ERRORCOUNT, ERRORMESSAGE FROM MD_ENGINE_EXECUTION_LOG WHERE 1=1 ORDER BY STARTTIME DESC OFFSET ? ROWS FETCH NEXT ? ROWS ONLY]
2026-06-18T10:04:52.000+05:30 DEBUG 18860 --- [recarding-dashboard-backend] [           main] o.s.jdbc.datasource.DataSourceUtils      : Fetching JDBC Connection from DataSource
]]></system-out>
  </testcase>
  <testcase name="testGetEngineHistory_SortAscending" classname="com.dfcc.dashboard.repository.DashboardRepositoryTest" time="0.016">
    <system-out><![CDATA[2026-06-18T10:04:52.016+05:30 DEBUG 18860 --- [recarding-dashboard-backend] [           main] o.s.jdbc.core.JdbcTemplate               : Executing prepared SQL query
2026-06-18T10:04:52.016+05:30 DEBUG 18860 --- [recarding-dashboard-backend] [           main] o.s.jdbc.core.JdbcTemplate               : Executing prepared SQL statement [SELECT COUNT(*) FROM MD_ENGINE_EXECUTION_LOG WHERE 1=1 ]
2026-06-18T10:04:52.016+05:30 DEBUG 18860 --- [recarding-dashboard-backend] [           main] o.s.jdbc.datasource.DataSourceUtils      : Fetching JDBC Connection from DataSource
2026-06-18T10:04:52.017+05:30 DEBUG 18860 --- [recarding-dashboard-backend] [           main] o.s.jdbc.core.JdbcTemplate               : Executing prepared SQL query
2026-06-18T10:04:52.017+05:30 DEBUG 18860 --- [recarding-dashboard-backend] [           main] o.s.jdbc.core.JdbcTemplate               : Executing prepared SQL statement [SELECT RUNID, STARTTIME, ENDTIME, STATUS, CARDSPROCESSED, AVGTIMEPERCARD, THREADCOUNT, BATCHSIZE, ERRORCOUNT, ERRORMESSAGE FROM MD_ENGINE_EXECUTION_LOG WHERE 1=1 ORDER BY STARTTIME ASC OFFSET ? ROWS FETCH NEXT ? ROWS ONLY]
2026-06-18T10:04:52.017+05:30 DEBUG 18860 --- [recarding-dashboard-backend] [           main] o.s.jdbc.datasource.DataSourceUtils      : Fetching JDBC Connection from DataSource
]]></system-out>
  </testcase>
  <testcase name="testGetEngineStatus_ReturnsBothEngines" classname="com.dfcc.dashboard.repository.DashboardRepositoryTest" time="0.014">
    <system-out><![CDATA[2026-06-18T10:04:52.061+05:30 DEBUG 18860 --- [recarding-dashboard-backend] [           main] o.s.jdbc.core.JdbcTemplate               : Executing prepared SQL query
2026-06-18T10:04:52.061+05:30 DEBUG 18860 --- [recarding-dashboard-backend] [           main] o.s.jdbc.core.JdbcTemplate               : Executing prepared SQL statement [SELECT ENGINEID, ENGINESTATUS, LASTEXECUTIONTIME, NEXTSCHEDULEDRUNTIME, CARDSPROCESSEDPERRUN, AVGPROCESSINGTIMEPERCARD, THREADSRUNPARALLEL, BATCHSIZE, PERIOD FROM MD_ENGINE_CONFIGURATIONS ORDER BY ENGINEID]
2026-06-18T10:04:52.062+05:30 DEBUG 18860 --- [recarding-dashboard-backend] [           main] o.s.jdbc.datasource.DataSourceUtils      : Fetching JDBC Connection from DataSource
]]></system-out>
  </testcase>
  <testcase name="testGetEngineHistory_DurationComputed" classname="com.dfcc.dashboard.repository.DashboardRepositoryTest" time="0.016">
    <system-out><![CDATA[2026-06-18T10:04:52.075+05:30 DEBUG 18860 --- [recarding-dashboard-backend] [           main] o.s.jdbc.core.JdbcTemplate               : Executing prepared SQL query
2026-06-18T10:04:52.079+05:30 DEBUG 18860 --- [recarding-dashboard-backend] [           main] o.s.jdbc.core.JdbcTemplate               : Executing prepared SQL statement [SELECT COUNT(*) FROM MD_ENGINE_EXECUTION_LOG WHERE 1=1 ]
2026-06-18T10:04:52.080+05:30 DEBUG 18860 --- [recarding-dashboard-backend] [           main] o.s.jdbc.datasource.DataSourceUtils      : Fetching JDBC Connection from DataSource
2026-06-18T10:04:52.081+05:30 DEBUG 18860 --- [recarding-dashboard-backend] [           main] o.s.jdbc.core.JdbcTemplate               : Executing prepared SQL query
2026-06-18T10:04:52.081+05:30 DEBUG 18860 --- [recarding-dashboard-backend] [           main] o.s.jdbc.core.JdbcTemplate               : Executing prepared SQL statement [SELECT RUNID, STARTTIME, ENDTIME, STATUS, CARDSPROCESSED, AVGTIMEPERCARD, THREADCOUNT, BATCHSIZE, ERRORCOUNT, ERRORMESSAGE FROM MD_ENGINE_EXECUTION_LOG WHERE 1=1 ORDER BY STARTTIME DESC OFFSET ? ROWS FETCH NEXT ? ROWS ONLY]
2026-06-18T10:04:52.081+05:30 DEBUG 18860 --- [recarding-dashboard-backend] [           main] o.s.jdbc.datasource.DataSourceUtils      : Fetching JDBC Connection from DataSource
]]></system-out>
  </testcase>
</testsuite>